Log file open, 04/20/20 21:30:54
LogWindows: Failed to load 'aqProf.dll' (GetLastError=126)
LogWindows: File 'aqProf.dll' does not exist
LogWindows: Failed to load 'VtuneApi.dll' (GetLastError=126)
LogWindows: File 'VtuneApi.dll' does not exist
LogWindows: Failed to load 'VtuneApi32e.dll' (GetLastError=126)
LogWindows: File 'VtuneApi32e.dll' does not exist
LogConsoleResponse: Display: Failed to find resolution value strings in scalability ini. Falling back to default.
LogInit: Display: Running engine for game: MyProject
LogPlatformFile: Not using cached read wrapper
LogTaskGraph: Started task graph with 5 named threads and 35 total threads with 3 sets of task threads.
LogStats: Stats thread started at 0.059450
LogD3D11RHI: Loaded GFSDK_Aftermath_Lib.x64.dll
LogICUInternationalization: ICU TimeZone Detection - Raw Offset: +0:00, Platform Override: ''
LogPluginManager: Mounting plugin Paper2D
LogPluginManager: Mounting plugin AISupport
LogPluginManager: Mounting plugin LightPropagationVolume
LogPluginManager: Mounting plugin ActorLayerUtilities
LogPluginManager: Mounting plugin AnimationSharing
LogPluginManager: Mounting plugin CLionSourceCodeAccess
LogPluginManager: Mounting plugin CodeLiteSourceCodeAccess
LogPluginManager: Mounting plugin GitSourceControl
LogPluginManager: Mounting plugin KDevelopSourceCodeAccess
LogPluginManager: Mounting plugin NullSourceCodeAccess
LogPluginManager: Mounting plugin PerforceSourceControl
LogPluginManager: Mounting plugin PlasticSourceControl
LogPluginManager: Mounting plugin SubversionSourceControl
LogPluginManager: Mounting plugin UObjectPlugin
LogPluginManager: Mounting plugin VisualStudioCodeSourceCodeAccess
LogPluginManager: Mounting plugin VisualStudioSourceCodeAccess
LogPluginManager: Mounting plugin XCodeSourceCodeAccess
LogPluginManager: Mounting plugin AssetManagerEditor
LogPluginManager: Mounting plugin CryptoKeys
LogPluginManager: Mounting plugin CurveEditorTools
LogPluginManager: Mounting plugin DataValidation
LogPluginManager: Mounting plugin FacialAnimation
LogPluginManager: Mounting plugin GameplayTagsEditor
LogPluginManager: Mounting plugin MacGraphicsSwitching
LogPluginManager: Mounting plugin MaterialAnalyzer
LogPluginManager: Mounting plugin MobileLauncherProfileWizard
LogPluginManager: Mounting plugin PluginBrowser
LogPluginManager: Mounting plugin SpeedTreeImporter
LogPluginManager: Mounting plugin DatasmithContent
LogPluginManager: Mounting plugin VariantManagerContent
LogPluginManager: Mounting plugin AlembicImporter
LogPluginManager: Mounting plugin AutomationUtils
LogPluginManager: Mounting plugin BackChannel
LogPluginManager: Mounting plugin CharacterAI
LogPluginManager: Mounting plugin GeometryCache
LogPluginManager: Mounting plugin PlatformCrypto
LogPluginManager: Mounting plugin ProxyLODPlugin
LogPluginManager: Mounting plugin SkeletalReduction
LogPluginManager: Mounting plugin MagicLeap
LogPluginManager: Mounting plugin MagicLeapMedia
LogPluginManager: Mounting plugin MLSDK
LogPluginManager: Mounting plugin AndroidMedia
LogPluginManager: Mounting plugin AvfMedia
LogPluginManager: Mounting plugin ImgMedia
LogPluginManager: Mounting plugin MediaCompositing
LogPluginManager: Mounting plugin MediaPlayerEditor
LogPluginManager: Mounting plugin WebMMedia
LogPluginManager: Mounting plugin WmfMedia
LogPluginManager: Mounting plugin TcpMessaging
LogPluginManager: Mounting plugin UdpMessaging
LogPluginManager: Mounting plugin ActorSequence
LogPluginManager: Mounting plugin LevelSequenceEditor
LogPluginManager: Mounting plugin MatineeToLevelSequence
LogPluginManager: Mounting plugin NetcodeUnitTest
LogPluginManager: Mounting plugin NUTUnrealEngine4
LogPluginManager: Mounting plugin OnlineSubsystemGooglePlay
LogPluginManager: Mounting plugin OnlineSubsystemIOS
LogPluginManager: Mounting plugin OnlineSubsystem
LogPluginManager: Mounting plugin OnlineSubsystemNull
LogPluginManager: Mounting plugin OnlineSubsystemUtils
LogPluginManager: Mounting plugin LauncherChunkInstaller
LogPluginManager: Mounting plugin AndroidDeviceProfileSelector
LogPluginManager: Mounting plugin AndroidMoviePlayer
LogPluginManager: Mounting plugin AndroidPermission
LogPluginManager: Mounting plugin AppleImageUtils
LogPluginManager: Mounting plugin AppleMoviePlayer
LogPluginManager: Mounting plugin ArchVisCharacter
LogPluginManager: Mounting plugin AssetTags
LogPluginManager: Mounting plugin AudioCapture
LogPluginManager: Mounting plugin CableComponent
LogPluginManager: Mounting plugin CustomMeshComponent
LogPluginManager: Mounting plugin EditableMesh
LogPluginManager: Mounting plugin ExampleDeviceProfileSelector
LogPluginManager: Mounting plugin GoogleCloudMessaging
LogPluginManager: Mounting plugin IOSDeviceProfileSelector
LogPluginManager: Mounting plugin LinuxDeviceProfileSelector
LogPluginManager: Mounting plugin LocationServicesBPLibrary
LogPluginManager: Mounting plugin MobilePatchingUtils
LogPluginManager: Mounting plugin OculusVR
LogPluginManager: Mounting plugin PhysXVehicles
LogPluginManager: Mounting plugin PostSplashScreen
LogPluginManager: Mounting plugin ProceduralMeshComponent
LogPluginManager: Mounting plugin RuntimePhysXCooking
LogPluginManager: Mounting plugin SignificanceManager
LogPluginManager: Mounting plugin SteamVR
LogPluginManager: Mounting plugin WebMMoviePlayer
LogPluginManager: Mounting plugin WindowsMoviePlayer
LogPluginManager: Mounting plugin ScreenshotTools
LogInit: Using libcurl 7.55.1-DEV
LogInit:  - built for x86_64-pc-win32
LogInit:  - supports SSL with OpenSSL/1.1.1
LogInit:  - supports HTTP deflate (compression) using libz 1.2.8
LogInit:  - other features:
LogInit:      CURL_VERSION_SSL
LogInit:      CURL_VERSION_LIBZ
LogInit:      CURL_VERSION_IPV6
LogInit:      CURL_VERSION_ASYNCHDNS
LogInit:      CURL_VERSION_LARGEFILE
LogInit:      CURL_VERSION_IDN
LogInit:  CurlRequestOptions (configurable via config and command line):
LogInit:  - bVerifyPeer = true  - Libcurl will verify peer certificate
LogInit:  - bUseHttpProxy = false  - Libcurl will NOT use HTTP proxy
LogInit:  - bDontReuseConnections = false  - Libcurl will reuse connections
LogInit:  - MaxHostConnections = 16  - Libcurl will limit the number of connections to a host
LogInit:  - LocalHostAddr = Default
LogInit:  - BufferSize = 65536
LogOnline: OSS: Creating online subsystem instance for: NULL
LogInit: WinSock: version 1.1 (2.2), MaxSocks=32767, MaxUdp=65467
LogOnline: OSS: TryLoadSubsystemAndSetDefault: Loaded subsystem for module [NULL]
LogInit: Build: ++UE4+Release-4.24-CL-11590370
LogInit: Engine Version: 4.24.3-11590370+++UE4+Release-4.24
LogInit: Compatible Engine Version: 4.24.0-10570792+++UE4+Release-4.24
LogInit: Net CL: 10570792
LogInit: OS: Windows 10 (Release 1903) (), CPU: Intel(R) Core(TM) i7-9750H CPU @ 2.60GHz, GPU: Intel(R) UHD Graphics 630
LogInit: Compiled (64-bit): Feb 24 2020 15:39:18
LogInit: Compiled with Visual C++: 19.16.27032.01
LogInit: Build Configuration: Development
LogInit: Branch Name: ++UE4+Release-4.24
LogInit: Command Line:  -EpicPortal -epicusername=fabiuchiha -epicuserid=3527faa61eb74d2c90b04436a5fe2718 -epiclocale=en
LogInit: Base Directory: C:/Program Files/Epic Games/UE_4.24/Engine/Binaries/Win64/
LogInit: Installed Engine Build: 1
LogDevObjectVersion: Number of dev versions registered: 25
LogDevObjectVersion:   Dev-Blueprints (B0D832E4-1F89-4F0D-ACCF-7EB736FD4AA2): 10
LogDevObjectVersion:   Dev-Build (E1C64328-A22C-4D53-A36C-8E866417BD8C): 0
LogDevObjectVersion:   Dev-Core (375EC13C-06E4-48FB-B500-84F0262A717E): 3
LogDevObjectVersion:   Dev-Editor (E4B068ED-F494-42E9-A231-DA0B2E46BB41): 37
LogDevObjectVersion:   Dev-Framework (CFFC743F-43B0-4480-9391-14DF171D2073): 36
LogDevObjectVersion:   Dev-Mobile (B02B49B5-BB20-44E9-A304-32B752E40360): 2
LogDevObjectVersion:   Dev-Networking (A4E4105C-59A1-49B5-A7C5-40C4547EDFEE): 0
LogDevObjectVersion:   Dev-Online (39C831C9-5AE6-47DC-9A44-9C173E1C8E7C): 0
LogDevObjectVersion:   Dev-Physics (78F01B33-EBEA-4F98-B9B4-84EACCB95AA2): 2
LogDevObjectVersion:   Dev-Platform (6631380F-2D4D-43E0-8009-CF276956A95A): 0
LogDevObjectVersion:   Dev-Rendering (12F88B9F-8875-4AFC-A67C-D90C383ABD29): 36
LogDevObjectVersion:   Dev-Sequencer (7B5AE74C-D270-4C10-A958-57980B212A5A): 11
LogDevObjectVersion:   Dev-VR (D7296918-1DD6-4BDD-9DE2-64A83CC13884): 2
LogDevObjectVersion:   Dev-LoadTimes (C2A15278-BFE7-4AFE-6C17-90FF531DF755): 1
LogDevObjectVersion:   Private-Geometry (6EACA3D4-40EC-4CC1-B786-8BED09428FC5): 3
LogDevObjectVersion:   Dev-AnimPhys (29E575DD-E0A3-4627-9D10-D276232CDCEA): 17
LogDevObjectVersion:   Dev-Anim (AF43A65D-7FD3-4947-9873-3E8ED9C1BB05): 2
LogDevObjectVersion:   Dev-ReflectionCapture (6B266CEC-1EC7-4B8F-A30B-E4D90942FC07): 1
LogDevObjectVersion:   Dev-Automation (0DF73D61-A23F-47EA-B727-89E90C41499A): 1
LogDevObjectVersion:   FortniteMain (601D1886-AC64-4F84-AA16-D3DE0DEAC7D6): 31
LogDevObjectVersion:   Dev-Enterprise (9DFFBCD6-494F-0158-E221-12823C92A888): 8
LogDevObjectVersion:   Dev-Niagara (F2AED0AC-9AFE-416F-8664-AA7FFA26D6FC): 1
LogDevObjectVersion:   Dev-Destruction (174F1F0B-B4C6-45A5-B13F-2EE8D0FB917D): 9
LogDevObjectVersion:   Dev-Physics-Ext (35F94A83-E258-406C-A318-09F59610247C): 8
LogDevObjectVersion:   Dev-CineCamera (B2E18506-4273-CFC2-A54E-F4BB758BBA07): 1
LogInit: Presizing for max 25165824 objects, including 0 objects not considered by GC, pre-allocating 0 bytes for permanent pool.
LogInit: Object subsystem initialized
LogConfig: Setting CVar [[con.DebugEarlyDefault:1]]
LogConfig: Setting CVar [[r.setres:1280x720]]
[2020.04.20-20.30.54:200][  0]LogConfig: Setting CVar [[r.VSync:0]]
[2020.04.20-20.30.54:200][  0]LogConfig: Setting CVar [[r.RHICmdBypass:0]]
[2020.04.20-20.30.54:200][  0]LogConfig: Applying CVar settings from Section [/Script/Engine.RendererSettings] File [C:/Users/fabio/Documents/Técnico/MDJ/Git/MageArena/MyProject/Saved/Config/Windows/Engine.ini]
[2020.04.20-20.30.54:200][  0]LogConfig: Setting CVar [[r.GPUCrashDebugging:0]]
[2020.04.20-20.30.54:201][  0]LogConfig: Applying CVar settings from Section [/Script/Engine.RendererOverrideSettings] File [C:/Users/fabio/Documents/Técnico/MDJ/Git/MageArena/MyProject/Saved/Config/Windows/Engine.ini]
[2020.04.20-20.30.54:201][  0]LogConfig: Applying CVar settings from Section [/Script/Engine.StreamingSettings] File [C:/Users/fabio/Documents/Técnico/MDJ/Git/MageArena/MyProject/Saved/Config/Windows/Engine.ini]
[2020.04.20-20.30.54:201][  0]LogConfig: Setting CVar [[s.MinBulkDataSizeForAsyncLoading:131072]]
[2020.04.20-20.30.54:201][  0]LogConfig: Setting CVar [[s.AsyncLoadingThreadEnabled:0]]
[2020.04.20-20.30.54:201][  0]LogConfig: Setting CVar [[s.EventDrivenLoaderEnabled:1]]
[2020.04.20-20.30.54:201][  0]LogConfig: Setting CVar [[s.WarnIfTimeLimitExceeded:0]]
[2020.04.20-20.30.54:201][  0]LogConfig: Setting CVar [[s.TimeLimitExceededMultiplier:1.5]]
[2020.04.20-20.30.54:201][  0]LogConfig: Setting CVar [[s.TimeLimitExceededMinTime:0.005]]
[2020.04.20-20.30.54:201][  0]LogConfig: Setting CVar [[s.UseBackgroundLevelStreaming:1]]
[2020.04.20-20.30.54:201][  0]LogConfig: Setting CVar [[s.PriorityAsyncLoadingExtraTime:15.0]]
[2020.04.20-20.30.54:201][  0]LogConfig: Setting CVar [[s.LevelStreamingActorsUpdateTimeLimit:5.0]]
[2020.04.20-20.30.54:201][  0]LogConfig: Setting CVar [[s.PriorityLevelStreamingActorsUpdateExtraTime:5.0]]
[2020.04.20-20.30.54:201][  0]LogConfig: Setting CVar [[s.LevelStreamingComponentsRegistrationGranularity:10]]
[2020.04.20-20.30.54:201][  0]LogConfig: Setting CVar [[s.UnregisterComponentsTimeLimit:1.0]]
[2020.04.20-20.30.54:201][  0]LogConfig: Setting CVar [[s.LevelStreamingComponentsUnregistrationGranularity:5]]
[2020.04.20-20.30.54:201][  0]LogConfig: Setting CVar [[s.FlushStreamingOnExit:1]]
[2020.04.20-20.30.54:201][  0]LogConfig: Applying CVar settings from Section [/Script/Engine.GarbageCollectionSettings] File [C:/Users/fabio/Documents/Técnico/MDJ/Git/MageArena/MyProject/Saved/Config/Windows/Engine.ini]
[2020.04.20-20.30.54:201][  0]LogConfig: Setting CVar [[gc.MaxObjectsNotConsideredByGC:1]]
[2020.04.20-20.30.54:201][  0]LogConfig: Setting CVar [[gc.SizeOfPermanentObjectPool:0]]
[2020.04.20-20.30.54:201][  0]LogConfig: Setting CVar [[gc.FlushStreamingOnGC:0]]
[2020.04.20-20.30.54:201][  0]LogConfig: Setting CVar [[gc.NumRetriesBeforeForcingGC:10]]
[2020.04.20-20.30.54:201][  0]LogConfig: Setting CVar [[gc.AllowParallelGC:1]]
[2020.04.20-20.30.54:201][  0]LogConfig: Setting CVar [[gc.TimeBetweenPurgingPendingKillObjects:61.1]]
[2020.04.20-20.30.54:201][  0]LogConfig: Setting CVar [[gc.MaxObjectsInEditor:25165824]]
[2020.04.20-20.30.54:201][  0]LogConfig: Setting CVar [[gc.IncrementalBeginDestroyEnabled:1]]
[2020.04.20-20.30.54:201][  0]LogConfig: Setting CVar [[gc.CreateGCClusters:1]]
[2020.04.20-20.30.54:201][  0]LogConfig: Setting CVar [[gc.MinGCClusterSize:5]]
[2020.04.20-20.30.54:201][  0]LogConfig: Setting CVar [[gc.ActorClusteringEnabled:0]]
[2020.04.20-20.30.54:201][  0]LogConfig: Setting CVar [[gc.BlueprintClusteringEnabled:0]]
[2020.04.20-20.30.54:201][  0]LogConfig: Setting CVar [[gc.UseDisregardForGCOnDedicatedServers:0]]
[2020.04.20-20.30.54:201][  0]LogConfig: Applying CVar settings from Section [/Script/Engine.NetworkSettings] File [C:/Users/fabio/Documents/Técnico/MDJ/Git/MageArena/MyProject/Saved/Config/Windows/Engine.ini]
[2020.04.20-20.30.54:201][  0]LogConfig: Applying CVar settings from Section [/Script/UnrealEd.CookerSettings] File [C:/Users/fabio/Documents/Técnico/MDJ/Git/MageArena/MyProject/Saved/Config/Windows/Engine.ini]
[2020.04.20-20.30.54:203][  0]LogConfig: Applying CVar settings from Section [ViewDistanceQuality@3] File [C:/Users/fabio/Documents/Técnico/MDJ/Git/MageArena/MyProject/Saved/Config/Windows/Scalability.ini]
[2020.04.20-20.30.54:203][  0]LogConfig: Setting CVar [[r.SkeletalMeshLODBias:0]]
[2020.04.20-20.30.54:203][  0]LogConfig: Setting CVar [[r.ViewDistanceScale:1.0]]
[2020.04.20-20.30.54:203][  0]LogConfig: Applying CVar settings from Section [AntiAliasingQuality@3] File [C:/Users/fabio/Documents/Técnico/MDJ/Git/MageArena/MyProject/Saved/Config/Windows/Scalability.ini]
[2020.04.20-20.30.54:203][  0]LogConfig: Setting CVar [[r.PostProcessAAQuality:4]]
[2020.04.20-20.30.54:203][  0]LogConfig: Applying CVar settings from Section [ShadowQuality@3] File [C:/Users/fabio/Documents/Técnico/MDJ/Git/MageArena/MyProject/Saved/Config/Windows/Scalability.ini]
[2020.04.20-20.30.54:203][  0]LogConfig: Setting CVar [[r.LightFunctionQuality:1]]
[2020.04.20-20.30.54:203][  0]LogConfig: Setting CVar [[r.ShadowQuality:5]]
[2020.04.20-20.30.54:203][  0]LogConfig: Setting CVar [[r.Shadow.CSM.MaxCascades:10]]
[2020.04.20-20.30.54:203][  0]LogConfig: Setting CVar [[r.Shadow.MaxResolution:2048]]
[2020.04.20-20.30.54:203][  0]LogConfig: Setting CVar [[r.Shadow.MaxCSMResolution:2048]]
[2020.04.20-20.30.54:203][  0]LogConfig: Setting CVar [[r.Shadow.RadiusThreshold:0.01]]
[2020.04.20-20.30.54:203][  0]LogConfig: Setting CVar [[r.Shadow.DistanceScale:1.0]]
[2020.04.20-20.30.54:203][  0]LogConfig: Setting CVar [[r.Shadow.CSM.TransitionScale:1.0]]
[2020.04.20-20.30.54:203][  0]LogConfig: Setting CVar [[r.Shadow.PreShadowResolutionFactor:1.0]]
[2020.04.20-20.30.54:203][  0]LogConfig: Setting CVar [[r.DistanceFieldShadowing:1]]
[2020.04.20-20.30.54:203][  0]LogConfig: Setting CVar [[r.DistanceFieldAO:1]]
[2020.04.20-20.30.54:203][  0]LogConfig: Setting CVar [[r.AOQuality:2]]
[2020.04.20-20.30.54:203][  0]LogConfig: Setting CVar [[r.VolumetricFog:1]]
[2020.04.20-20.30.54:203][  0]LogConfig: Setting CVar [[r.VolumetricFog.GridPixelSize:8]]
[2020.04.20-20.30.54:203][  0]LogConfig: Setting CVar [[r.VolumetricFog.GridSizeZ:128]]
[2020.04.20-20.30.54:203][  0]LogConfig: Setting CVar [[r.VolumetricFog.HistoryMissSupersampleCount:4]]
[2020.04.20-20.30.54:203][  0]LogConfig: Setting CVar [[r.LightMaxDrawDistanceScale:1]]
[2020.04.20-20.30.54:203][  0]LogConfig: Setting CVar [[r.CapsuleShadows:1]]
[2020.04.20-20.30.54:203][  0]LogConfig: Applying CVar settings from Section [PostProcessQuality@3] File [C:/Users/fabio/Documents/Técnico/MDJ/Git/MageArena/MyProject/Saved/Config/Windows/Scalability.ini]
[2020.04.20-20.30.54:203][  0]LogConfig: Setting CVar [[r.MotionBlurQuality:4]]
[2020.04.20-20.30.54:203][  0]LogConfig: Setting CVar [[r.AmbientOcclusionMipLevelFactor:0.4]]
[2020.04.20-20.30.54:203][  0]LogConfig: Setting CVar [[r.AmbientOcclusionMaxQuality:100]]
[2020.04.20-20.30.54:203][  0]LogConfig: Setting CVar [[r.AmbientOcclusionLevels:-1]]
[2020.04.20-20.30.54:203][  0]LogConfig: Setting CVar [[r.AmbientOcclusionRadiusScale:1.0]]
[2020.04.20-20.30.54:203][  0]LogConfig: Setting CVar [[r.DepthOfFieldQuality:2]]
[2020.04.20-20.30.54:203][  0]LogConfig: Setting CVar [[r.RenderTargetPoolMin:400]]
[2020.04.20-20.30.54:203][  0]LogConfig: Setting CVar [[r.LensFlareQuality:2]]
[2020.04.20-20.30.54:203][  0]LogConfig: Setting CVar [[r.SceneColorFringeQuality:1]]
[2020.04.20-20.30.54:203][  0]LogConfig: Setting CVar [[r.EyeAdaptationQuality:2]]
[2020.04.20-20.30.54:204][  0]LogConfig: Setting CVar [[r.BloomQuality:5]]
[2020.04.20-20.30.54:204][  0]LogConfig: Setting CVar [[r.FastBlurThreshold:100]]
[2020.04.20-20.30.54:204][  0]LogConfig: Setting CVar [[r.Upscale.Quality:3]]
[2020.04.20-20.30.54:204][  0]LogConfig: Setting CVar [[r.Tonemapper.GrainQuantization:1]]
[2020.04.20-20.30.54:204][  0]LogConfig: Setting CVar [[r.LightShaftQuality:1]]
[2020.04.20-20.30.54:204][  0]LogConfig: Setting CVar [[r.Filter.SizeScale:1]]
[2020.04.20-20.30.54:204][  0]LogConfig: Setting CVar [[r.Tonemapper.Quality:5]]
[2020.04.20-20.30.54:204][  0]LogConfig: Setting CVar [[r.DOF.Gather.AccumulatorQuality:1        ; higher gathering accumulator quality]]
[2020.04.20-20.30.54:204][  0]LogConfig: Setting CVar [[r.DOF.Gather.PostfilterMethod:1          ; Median3x3 postfilering method]]
[2020.04.20-20.30.54:204][  0]LogConfig: Setting CVar [[r.DOF.Gather.EnableBokehSettings:0       ; no bokeh simulation when gathering]]
[2020.04.20-20.30.54:204][  0]LogConfig: Setting CVar [[r.DOF.Gather.RingCount:4                 ; medium number of samples when gathering]]
[2020.04.20-20.30.54:204][  0]LogConfig: Setting CVar [[r.DOF.Scatter.ForegroundCompositing:1    ; additive foreground scattering]]
[2020.04.20-20.30.54:204][  0]LogConfig: Setting CVar [[r.DOF.Scatter.BackgroundCompositing:2    ; additive background scattering]]
[2020.04.20-20.30.54:204][  0]LogConfig: Setting CVar [[r.DOF.Scatter.EnableBokehSettings:1      ; bokeh simulation when scattering]]
[2020.04.20-20.30.54:204][  0]LogConfig: Setting CVar [[r.DOF.Scatter.MaxSpriteRatio:0.1         ; only a maximum of 10% of scattered bokeh]]
[2020.04.20-20.30.54:204][  0]LogConfig: Setting CVar [[r.DOF.Recombine.Quality:1                ; cheap slight out of focus]]
[2020.04.20-20.30.54:204][  0]LogConfig: Setting CVar [[r.DOF.Recombine.EnableBokehSettings:0    ; no bokeh simulation on slight out of focus]]
[2020.04.20-20.30.54:204][  0]LogConfig: Setting CVar [[r.DOF.TemporalAAQuality:1                ; more stable temporal accumulation]]
[2020.04.20-20.30.54:204][  0]LogConfig: Setting CVar [[r.DOF.Kernel.MaxForegroundRadius:0.025]]
[2020.04.20-20.30.54:204][  0]LogConfig: Setting CVar [[r.DOF.Kernel.MaxBackgroundRadius:0.025]]
[2020.04.20-20.30.54:204][  0]LogConfig: Applying CVar settings from Section [TextureQuality@3] File [C:/Users/fabio/Documents/Técnico/MDJ/Git/MageArena/MyProject/Saved/Config/Windows/Scalability.ini]
[2020.04.20-20.30.54:204][  0]LogConfig: Setting CVar [[r.Streaming.MipBias:0]]
[2020.04.20-20.30.54:204][  0]LogConfig: Setting CVar [[r.Streaming.AmortizeCPUToGPUCopy:0]]
[2020.04.20-20.30.54:204][  0]LogConfig: Setting CVar [[r.Streaming.MaxNumTexturesToStreamPerFrame:0]]
[2020.04.20-20.30.54:204][  0]LogConfig: Setting CVar [[r.Streaming.Boost:1]]
[2020.04.20-20.30.54:204][  0]LogConfig: Setting CVar [[r.MaxAnisotropy:8]]
[2020.04.20-20.30.54:204][  0]LogConfig: Setting CVar [[r.VT.MaxAnisotropy:8]]
[2020.04.20-20.30.54:204][  0]LogConfig: Setting CVar [[r.Streaming.LimitPoolSizeToVRAM:0]]
[2020.04.20-20.30.54:204][  0]LogConfig: Setting CVar [[r.Streaming.PoolSize:1000]]
[2020.04.20-20.30.54:204][  0]LogConfig: Setting CVar [[r.Streaming.MaxEffectiveScreenSize:0]]
[2020.04.20-20.30.54:204][  0]LogConfig: Applying CVar settings from Section [EffectsQuality@3] File [C:/Users/fabio/Documents/Técnico/MDJ/Git/MageArena/MyProject/Saved/Config/Windows/Scalability.ini]
[2020.04.20-20.30.54:204][  0]LogConfig: Setting CVar [[r.TranslucencyLightingVolumeDim:64]]
[2020.04.20-20.30.54:204][  0]LogConfig: Setting CVar [[r.RefractionQuality:2]]
[2020.04.20-20.30.54:204][  0]LogConfig: Setting CVar [[r.SSR.Quality:3]]
[2020.04.20-20.30.54:204][  0]LogConfig: Setting CVar [[r.SSR.HalfResSceneColor:0]]
[2020.04.20-20.30.54:204][  0]LogConfig: Setting CVar [[r.SceneColorFormat:4]]
[2020.04.20-20.30.54:204][  0]LogConfig: Setting CVar [[r.DetailMode:2]]
[2020.04.20-20.30.54:204][  0]LogConfig: Setting CVar [[r.TranslucencyVolumeBlur:1]]
[2020.04.20-20.30.54:204][  0]LogConfig: Setting CVar [[r.MaterialQualityLevel:1 ; High quality]]
[2020.04.20-20.30.54:204][  0]LogConfig: Setting CVar [[r.SSS.Scale:1]]
[2020.04.20-20.30.54:204][  0]LogConfig: Setting CVar [[r.SSS.SampleSet:2]]
[2020.04.20-20.30.54:204][  0]LogConfig: Setting CVar [[r.SSS.Quality:1]]
[2020.04.20-20.30.54:204][  0]LogConfig: Setting CVar [[r.SSS.HalfRes:1]]
[2020.04.20-20.30.54:204][  0]LogConfig: Setting CVar [[r.SSGI.Quality:3]]
[2020.04.20-20.30.54:204][  0]LogConfig: Setting CVar [[r.EmitterSpawnRateScale:1.0]]
[2020.04.20-20.30.54:204][  0]LogConfig: Setting CVar [[r.ParticleLightQuality:2]]
[2020.04.20-20.30.54:204][  0]LogConfig: Setting CVar [[r.SkyAtmosphere.AerialPerspectiveLUT.FastApplyOnOpaque:1 ; Always have FastSkyLUT 1 in this case to avoid wrong sky]]
[2020.04.20-20.30.54:204][  0]LogConfig: Setting CVar [[r.SkyAtmosphere.AerialPerspectiveLUT.SampleCountPerSlice:1]]
[2020.04.20-20.30.54:204][  0]LogConfig: Setting CVar [[r.SkyAtmosphere.AerialPerspectiveLUT.DepthResolution:16.0]]
[2020.04.20-20.30.54:204][  0]LogConfig: Setting CVar [[r.SkyAtmosphere.FastSkyLUT:1]]
[2020.04.20-20.30.54:204][  0]LogConfig: Setting CVar [[r.SkyAtmosphere.FastSkyLUT.SampleCountMin:4.0]]
[2020.04.20-20.30.54:204][  0]LogConfig: Setting CVar [[r.SkyAtmosphere.FastSkyLUT.SampleCountMax:32.0]]
[2020.04.20-20.30.54:204][  0]LogConfig: Setting CVar [[r.SkyAtmosphere.SampleCountMin:4.0]]
[2020.04.20-20.30.54:204][  0]LogConfig: Setting CVar [[r.SkyAtmosphere.SampleCountMax:32.0]]
[2020.04.20-20.30.54:204][  0]LogConfig: Setting CVar [[r.SkyAtmosphere.TransmittanceLUT.UseSmallFormat:0]]
[2020.04.20-20.30.54:204][  0]LogConfig: Setting CVar [[r.SkyAtmosphere.TransmittanceLUT.SampleCount:10.0]]
[2020.04.20-20.30.54:204][  0]LogConfig: Setting CVar [[r.SkyAtmosphere.MultiScatteringLUT.SampleCount:15.0]]
[2020.04.20-20.30.54:204][  0]LogConfig: Applying CVar settings from Section [FoliageQuality@3] File [C:/Users/fabio/Documents/Técnico/MDJ/Git/MageArena/MyProject/Saved/Config/Windows/Scalability.ini]
[2020.04.20-20.30.54:204][  0]LogConfig: Setting CVar [[foliage.DensityScale:1.0]]
[2020.04.20-20.30.54:204][  0]LogConfig: Setting CVar [[grass.DensityScale:1.0]]
[2020.04.20-20.30.54:204][  0]LogConfig: Applying CVar settings from Section [ShadingQuality@3] File [C:/Users/fabio/Documents/Técnico/MDJ/Git/MageArena/MyProject/Saved/Config/Windows/Scalability.ini]
[2020.04.20-20.30.54:204][  0]LogConfig: Setting CVar [[r.HairStrands.SkyLighting.SampleCount:16]]
[2020.04.20-20.30.54:204][  0]LogConfig: Setting CVar [[r.HairStrands.SkyLighting.JitterIntegration:0]]
[2020.04.20-20.30.54:204][  0]LogConfig: Setting CVar [[r.HairStrands.SkyAO.SampleCount:16]]
[2020.04.20-20.30.54:204][  0]LogInit: Selected Device Profile: [Windows]
[2020.04.20-20.30.54:204][  0]LogInit: Applying CVar settings loaded from the selected device profile: [Windows]
[2020.04.20-20.30.54:207][  0]LogHAL: Display: Platform has ~ 16 GB [17024892928 / 17179869184 / 16], which maps to Larger [LargestMinGB=32, LargerMinGB=12, DefaultMinGB=8, SmallerMinGB=6, SmallestMinGB=0)
[2020.04.20-20.30.54:207][  0]LogInit: Going up to parent DeviceProfile []
[2020.04.20-20.30.54:207][  0]LogConfig: Applying CVar settings from Section [ViewDistanceQuality@3] File [C:/Users/fabio/Documents/Técnico/MDJ/Git/MageArena/MyProject/Saved/Config/Windows/Scalability.ini]
[2020.04.20-20.30.54:207][  0]LogConfig: Setting CVar [[r.SkeletalMeshLODBias:0]]
[2020.04.20-20.30.54:207][  0]LogConfig: Setting CVar [[r.ViewDistanceScale:1.0]]
[2020.04.20-20.30.54:207][  0]LogConfig: Applying CVar settings from Section [AntiAliasingQuality@3] File [C:/Users/fabio/Documents/Técnico/MDJ/Git/MageArena/MyProject/Saved/Config/Windows/Scalability.ini]
[2020.04.20-20.30.54:207][  0]LogConfig: Setting CVar [[r.PostProcessAAQuality:4]]
[2020.04.20-20.30.54:207][  0]LogConfig: Applying CVar settings from Section [ShadowQuality@3] File [C:/Users/fabio/Documents/Técnico/MDJ/Git/MageArena/MyProject/Saved/Config/Windows/Scalability.ini]
[2020.04.20-20.30.54:207][  0]LogConfig: Setting CVar [[r.LightFunctionQuality:1]]
[2020.04.20-20.30.54:207][  0]LogConfig: Setting CVar [[r.ShadowQuality:5]]
[2020.04.20-20.30.54:207][  0]LogConfig: Setting CVar [[r.Shadow.CSM.MaxCascades:10]]
[2020.04.20-20.30.54:207][  0]LogConfig: Setting CVar [[r.Shadow.MaxResolution:2048]]
[2020.04.20-20.30.54:207][  0]LogConfig: Setting CVar [[r.Shadow.MaxCSMResolution:2048]]
[2020.04.20-20.30.54:207][  0]LogConfig: Setting CVar [[r.Shadow.RadiusThreshold:0.01]]
[2020.04.20-20.30.54:207][  0]LogConfig: Setting CVar [[r.Shadow.DistanceScale:1.0]]
[2020.04.20-20.30.54:207][  0]LogConfig: Setting CVar [[r.Shadow.CSM.TransitionScale:1.0]]
[2020.04.20-20.30.54:207][  0]LogConfig: Setting CVar [[r.Shadow.PreShadowResolutionFactor:1.0]]
[2020.04.20-20.30.54:207][  0]LogConfig: Setting CVar [[r.DistanceFieldShadowing:1]]
[2020.04.20-20.30.54:207][  0]LogConfig: Setting CVar [[r.DistanceFieldAO:1]]
[2020.04.20-20.30.54:207][  0]LogConfig: Setting CVar [[r.AOQuality:2]]
[2020.04.20-20.30.54:207][  0]LogConfig: Setting CVar [[r.VolumetricFog:1]]
[2020.04.20-20.30.54:207][  0]LogConfig: Setting CVar [[r.VolumetricFog.GridPixelSize:8]]
[2020.04.20-20.30.54:207][  0]LogConfig: Setting CVar [[r.VolumetricFog.GridSizeZ:128]]
[2020.04.20-20.30.54:207][  0]LogConfig: Setting CVar [[r.VolumetricFog.HistoryMissSupersampleCount:4]]
[2020.04.20-20.30.54:207][  0]LogConfig: Setting CVar [[r.LightMaxDrawDistanceScale:1]]
[2020.04.20-20.30.54:207][  0]LogConfig: Setting CVar [[r.CapsuleShadows:1]]
[2020.04.20-20.30.54:207][  0]LogConfig: Applying CVar settings from Section [PostProcessQuality@3] File [C:/Users/fabio/Documents/Técnico/MDJ/Git/MageArena/MyProject/Saved/Config/Windows/Scalability.ini]
[2020.04.20-20.30.54:207][  0]LogConfig: Setting CVar [[r.MotionBlurQuality:4]]
[2020.04.20-20.30.54:207][  0]LogConfig: Setting CVar [[r.AmbientOcclusionMipLevelFactor:0.4]]
[2020.04.20-20.30.54:207][  0]LogConfig: Setting CVar [[r.AmbientOcclusionMaxQuality:100]]
[2020.04.20-20.30.54:207][  0]LogConfig: Setting CVar [[r.AmbientOcclusionLevels:-1]]
[2020.04.20-20.30.54:207][  0]LogConfig: Setting CVar [[r.AmbientOcclusionRadiusScale:1.0]]
[2020.04.20-20.30.54:207][  0]LogConfig: Setting CVar [[r.DepthOfFieldQuality:2]]
[2020.04.20-20.30.54:207][  0]LogConfig: Setting CVar [[r.RenderTargetPoolMin:400]]
[2020.04.20-20.30.54:207][  0]LogConfig: Setting CVar [[r.LensFlareQuality:2]]
[2020.04.20-20.30.54:207][  0]LogConfig: Setting CVar [[r.SceneColorFringeQuality:1]]
[2020.04.20-20.30.54:207][  0]LogConfig: Setting CVar [[r.EyeAdaptationQuality:2]]
[2020.04.20-20.30.54:207][  0]LogConfig: Setting CVar [[r.BloomQuality:5]]
[2020.04.20-20.30.54:207][  0]LogConfig: Setting CVar [[r.FastBlurThreshold:100]]
[2020.04.20-20.30.54:207][  0]LogConfig: Setting CVar [[r.Upscale.Quality:3]]
[2020.04.20-20.30.54:207][  0]LogConfig: Setting CVar [[r.Tonemapper.GrainQuantization:1]]
[2020.04.20-20.30.54:207][  0]LogConfig: Setting CVar [[r.LightShaftQuality:1]]
[2020.04.20-20.30.54:207][  0]LogConfig: Setting CVar [[r.Filter.SizeScale:1]]
[2020.04.20-20.30.54:207][  0]LogConfig: Setting CVar [[r.Tonemapper.Quality:5]]
[2020.04.20-20.30.54:207][  0]LogConfig: Setting CVar [[r.DOF.Gather.AccumulatorQuality:1        ; higher gathering accumulator quality]]
[2020.04.20-20.30.54:207][  0]LogConfig: Setting CVar [[r.DOF.Gather.PostfilterMethod:1          ; Median3x3 postfilering method]]
[2020.04.20-20.30.54:207][  0]LogConfig: Setting CVar [[r.DOF.Gather.EnableBokehSettings:0       ; no bokeh simulation when gathering]]
[2020.04.20-20.30.54:207][  0]LogConfig: Setting CVar [[r.DOF.Gather.RingCount:4                 ; medium number of samples when gathering]]
[2020.04.20-20.30.54:207][  0]LogConfig: Setting CVar [[r.DOF.Scatter.ForegroundCompositing:1    ; additive foreground scattering]]
[2020.04.20-20.30.54:207][  0]LogConfig: Setting CVar [[r.DOF.Scatter.BackgroundCompositing:2    ; additive background scattering]]
[2020.04.20-20.30.54:207][  0]LogConfig: Setting CVar [[r.DOF.Scatter.EnableBokehSettings:1      ; bokeh simulation when scattering]]
[2020.04.20-20.30.54:207][  0]LogConfig: Setting CVar [[r.DOF.Scatter.MaxSpriteRatio:0.1         ; only a maximum of 10% of scattered bokeh]]
[2020.04.20-20.30.54:207][  0]LogConfig: Setting CVar [[r.DOF.Recombine.Quality:1                ; cheap slight out of focus]]
[2020.04.20-20.30.54:207][  0]LogConfig: Setting CVar [[r.DOF.Recombine.EnableBokehSettings:0    ; no bokeh simulation on slight out of focus]]
[2020.04.20-20.30.54:207][  0]LogConfig: Setting CVar [[r.DOF.TemporalAAQuality:1                ; more stable temporal accumulation]]
[2020.04.20-20.30.54:207][  0]LogConfig: Setting CVar [[r.DOF.Kernel.MaxForegroundRadius:0.025]]
[2020.04.20-20.30.54:207][  0]LogConfig: Setting CVar [[r.DOF.Kernel.MaxBackgroundRadius:0.025]]
[2020.04.20-20.30.54:207][  0]LogConfig: Applying CVar settings from Section [TextureQuality@3] File [C:/Users/fabio/Documents/Técnico/MDJ/Git/MageArena/MyProject/Saved/Config/Windows/Scalability.ini]
[2020.04.20-20.30.54:207][  0]LogConfig: Setting CVar [[r.Streaming.MipBias:0]]
[2020.04.20-20.30.54:208][  0]LogConfig: Setting CVar [[r.Streaming.AmortizeCPUToGPUCopy:0]]
[2020.04.20-20.30.54:208][  0]LogConfig: Setting CVar [[r.Streaming.MaxNumTexturesToStreamPerFrame:0]]
[2020.04.20-20.30.54:208][  0]LogConfig: Setting CVar [[r.Streaming.Boost:1]]
[2020.04.20-20.30.54:208][  0]LogConfig: Setting CVar [[r.MaxAnisotropy:8]]
[2020.04.20-20.30.54:208][  0]LogConfig: Setting CVar [[r.VT.MaxAnisotropy:8]]
[2020.04.20-20.30.54:208][  0]LogConfig: Setting CVar [[r.Streaming.LimitPoolSizeToVRAM:0]]
[2020.04.20-20.30.54:208][  0]LogConfig: Setting CVar [[r.Streaming.PoolSize:1000]]
[2020.04.20-20.30.54:208][  0]LogConfig: Setting CVar [[r.Streaming.MaxEffectiveScreenSize:0]]
[2020.04.20-20.30.54:208][  0]LogConfig: Applying CVar settings from Section [EffectsQuality@3] File [C:/Users/fabio/Documents/Técnico/MDJ/Git/MageArena/MyProject/Saved/Config/Windows/Scalability.ini]
[2020.04.20-20.30.54:208][  0]LogConfig: Setting CVar [[r.TranslucencyLightingVolumeDim:64]]
[2020.04.20-20.30.54:208][  0]LogConfig: Setting CVar [[r.RefractionQuality:2]]
[2020.04.20-20.30.54:208][  0]LogConfig: Setting CVar [[r.SSR.Quality:3]]
[2020.04.20-20.30.54:208][  0]LogConfig: Setting CVar [[r.SSR.HalfResSceneColor:0]]
[2020.04.20-20.30.54:208][  0]LogConfig: Setting CVar [[r.SceneColorFormat:4]]
[2020.04.20-20.30.54:208][  0]LogConfig: Setting CVar [[r.DetailMode:2]]
[2020.04.20-20.30.54:208][  0]LogConfig: Setting CVar [[r.TranslucencyVolumeBlur:1]]
[2020.04.20-20.30.54:208][  0]LogConfig: Setting CVar [[r.MaterialQualityLevel:1 ; High quality]]
[2020.04.20-20.30.54:208][  0]LogConfig: Setting CVar [[r.SSS.Scale:1]]
[2020.04.20-20.30.54:208][  0]LogConfig: Setting CVar [[r.SSS.SampleSet:2]]
[2020.04.20-20.30.54:208][  0]LogConfig: Setting CVar [[r.SSS.Quality:1]]
[2020.04.20-20.30.54:208][  0]LogConfig: Setting CVar [[r.SSS.HalfRes:1]]
[2020.04.20-20.30.54:208][  0]LogConfig: Setting CVar [[r.SSGI.Quality:3]]
[2020.04.20-20.30.54:208][  0]LogConfig: Setting CVar [[r.EmitterSpawnRateScale:1.0]]
[2020.04.20-20.30.54:208][  0]LogConfig: Setting CVar [[r.ParticleLightQuality:2]]
[2020.04.20-20.30.54:208][  0]LogConfig: Setting CVar [[r.SkyAtmosphere.AerialPerspectiveLUT.FastApplyOnOpaque:1 ; Always have FastSkyLUT 1 in this case to avoid wrong sky]]
[2020.04.20-20.30.54:208][  0]LogConfig: Setting CVar [[r.SkyAtmosphere.AerialPerspectiveLUT.SampleCountPerSlice:1]]
[2020.04.20-20.30.54:208][  0]LogConfig: Setting CVar [[r.SkyAtmosphere.AerialPerspectiveLUT.DepthResolution:16.0]]
[2020.04.20-20.30.54:208][  0]LogConfig: Setting CVar [[r.SkyAtmosphere.FastSkyLUT:1]]
[2020.04.20-20.30.54:208][  0]LogConfig: Setting CVar [[r.SkyAtmosphere.FastSkyLUT.SampleCountMin:4.0]]
[2020.04.20-20.30.54:208][  0]LogConfig: Setting CVar [[r.SkyAtmosphere.FastSkyLUT.SampleCountMax:32.0]]
[2020.04.20-20.30.54:208][  0]LogConfig: Setting CVar [[r.SkyAtmosphere.SampleCountMin:4.0]]
[2020.04.20-20.30.54:208][  0]LogConfig: Setting CVar [[r.SkyAtmosphere.SampleCountMax:32.0]]
[2020.04.20-20.30.54:208][  0]LogConfig: Setting CVar [[r.SkyAtmosphere.TransmittanceLUT.UseSmallFormat:0]]
[2020.04.20-20.30.54:208][  0]LogConfig: Setting CVar [[r.SkyAtmosphere.TransmittanceLUT.SampleCount:10.0]]
[2020.04.20-20.30.54:208][  0]LogConfig: Setting CVar [[r.SkyAtmosphere.MultiScatteringLUT.SampleCount:15.0]]
[2020.04.20-20.30.54:208][  0]LogConfig: Applying CVar settings from Section [FoliageQuality@3] File [C:/Users/fabio/Documents/Técnico/MDJ/Git/MageArena/MyProject/Saved/Config/Windows/Scalability.ini]
[2020.04.20-20.30.54:208][  0]LogConfig: Setting CVar [[foliage.DensityScale:1.0]]
[2020.04.20-20.30.54:208][  0]LogConfig: Setting CVar [[grass.DensityScale:1.0]]
[2020.04.20-20.30.54:208][  0]LogConfig: Applying CVar settings from Section [ShadingQuality@3] File [C:/Users/fabio/Documents/Técnico/MDJ/Git/MageArena/MyProject/Saved/Config/Windows/Scalability.ini]
[2020.04.20-20.30.54:208][  0]LogConfig: Setting CVar [[r.HairStrands.SkyLighting.SampleCount:16]]
[2020.04.20-20.30.54:208][  0]LogConfig: Setting CVar [[r.HairStrands.SkyLighting.JitterIntegration:0]]
[2020.04.20-20.30.54:208][  0]LogConfig: Setting CVar [[r.HairStrands.SkyAO.SampleCount:16]]
[2020.04.20-20.30.54:208][  0]LogConfig: Applying CVar settings from Section [Startup] File [../../../Engine/Config/ConsoleVariables.ini]
[2020.04.20-20.30.54:208][  0]LogConfig: Setting CVar [[net.UseAdaptiveNetUpdateFrequency:0]]
[2020.04.20-20.30.54:208][  0]LogConfig: Setting CVar [[p.chaos.AllowCreatePhysxBodies:1]]
[2020.04.20-20.30.54:208][  0]LogConfig: Applying CVar settings from Section [ConsoleVariables] File [C:/Users/fabio/Documents/Técnico/MDJ/Git/MageArena/MyProject/Saved/Config/Windows/Engine.ini]
[2020.04.20-20.30.54:208][  0]LogInit: Computer: LAPTOP-FQT8H8ML
[2020.04.20-20.30.54:208][  0]LogInit: User: fabio
[2020.04.20-20.30.54:208][  0]LogInit: CPU Page size=4096, Cores=6
[2020.04.20-20.30.54:208][  0]LogInit: High frequency timer resolution =10.000000 MHz
[2020.04.20-20.30.54:208][  0]LogMemory: Memory total: Physical=15.9GB (16GB approx)
[2020.04.20-20.30.54:208][  0]LogMemory: Platform Memory Stats for Windows
[2020.04.20-20.30.54:208][  0]LogMemory: Process Physical Memory: 106.13 MB used, 106.13 MB peak
[2020.04.20-20.30.54:208][  0]LogMemory: Process Virtual Memory: 101.46 MB used, 101.46 MB peak
[2020.04.20-20.30.54:208][  0]LogMemory: Physical Memory: 7037.47 MB used,  9198.73 MB free, 16236.20 MB total
[2020.04.20-20.30.54:208][  0]LogMemory: Virtual Memory: 5159.30 MB used,  134212568.00 MB free, 134217728.00 MB total
[2020.04.20-20.30.54:242][  0]LogWindows: WindowsPlatformFeatures enabled
[2020.04.20-20.30.54:256][  0]LogInit: Using OS detected language (pt-PT).
[2020.04.20-20.30.54:256][  0]LogInit: Using OS detected locale (pt-PT).
[2020.04.20-20.30.54:257][  0]LogTextLocalizationManager: No localization for 'pt-PT' exists, so 'en' will be used for the language.
[2020.04.20-20.30.54:418][  0]LogInit: Setting process to per monitor DPI aware
[2020.04.20-20.30.54:454][  0]LogSlate: New Slate User Created.  User Index 0, Is Virtual User: 0
[2020.04.20-20.30.54:454][  0]LogSlate: Slate User Registered.  User Index 0, Is Virtual User: 0
[2020.04.20-20.30.54:575][  0]LogHMD: Failed to initialize OpenVR with code 110
[2020.04.20-20.30.54:575][  0]LogD3D11RHI: D3D11 min allowed feature level: 11_0
[2020.04.20-20.30.54:575][  0]LogD3D11RHI: D3D11 max allowed feature level: 11_0
[2020.04.20-20.30.54:576][  0]LogD3D11RHI: D3D11 adapters:
[2020.04.20-20.30.54:639][  0]LogD3D11RHI:    0. 'NVIDIA GeForce GTX 1650' (Feature Level 11_0)
[2020.04.20-20.30.54:639][  0]LogD3D11RHI:       3962/0/8118 MB DedicatedVideo/DedicatedSystem/SharedSystem, Outputs:1, VendorId:0x10de
[2020.04.20-20.30.54:653][  0]LogD3D11RHI:    1. 'Intel(R) UHD Graphics 630' (Feature Level 11_0)
[2020.04.20-20.30.54:653][  0]LogD3D11RHI:       128/0/8118 MB DedicatedVideo/DedicatedSystem/SharedSystem, Outputs:0, VendorId:0x8086
[2020.04.20-20.30.54:656][  0]LogD3D11RHI:    2. 'Microsoft Basic Render Driver' (Feature Level 11_0)
[2020.04.20-20.30.54:656][  0]LogD3D11RHI:       0/0/8118 MB DedicatedVideo/DedicatedSystem/SharedSystem, Outputs:0, VendorId:0x1414
[2020.04.20-20.30.54:656][  0]LogD3D11RHI: Chosen D3D11 Adapter: 0
[2020.04.20-20.30.54:690][  0]LogD3D11RHI: Creating new Direct3DDevice
[2020.04.20-20.30.54:690][  0]LogD3D11RHI:     GPU DeviceId: 0x1f91 (for the marketing name, search the web for "GPU Device Id")
[2020.04.20-20.30.54:690][  0]LogWindows: EnumDisplayDevices:
[2020.04.20-20.30.54:690][  0]LogWindows:    0. 'Intel(R) UHD Graphics 630' (P:1 D:1)
[2020.04.20-20.30.54:690][  0]LogWindows:    1. 'Intel(R) UHD Graphics 630' (P:0 D:0)
[2020.04.20-20.30.54:690][  0]LogWindows:    2. 'Intel(R) UHD Graphics 630' (P:0 D:0)
[2020.04.20-20.30.54:691][  0]LogWindows:    3. 'NVIDIA GeForce GTX 1650' (P:0 D:0)
[2020.04.20-20.30.54:691][  0]LogWindows: DebugString: PrimaryIsNotTheChoosenAdapter PrimaryIsNotTheChoosenAdapter PrimaryIsNotTheChoosenAdapter 
[2020.04.20-20.30.54:691][  0]LogD3D11RHI:     Adapter Name: NVIDIA GeForce GTX 1650
[2020.04.20-20.30.54:691][  0]LogD3D11RHI:   Driver Version: 431.98 (internal:26.21.14.3198, unified:431.98)
[2020.04.20-20.30.54:691][  0]LogD3D11RHI:      Driver Date: 9-30-2019
[2020.04.20-20.30.54:691][  0]LogRHI: Texture pool is 2773 MB (70% of 3962 MB)
[2020.04.20-20.30.54:738][  0]LogD3D11RHI: RHI has support for 64 bit atomics
[2020.04.20-20.30.54:738][  0]LogD3D11RHI: Async texture creation enabled
[2020.04.20-20.30.54:749][  0]LogD3D11RHI: GPU Timing Frequency: 1000.000000 (Debug: 2 1)
[2020.04.20-20.30.55:025][  0]LogTargetPlatformManager: Display: Loaded TargetPlatform 'AllDesktop'
[2020.04.20-20.30.55:052][  0]LogTargetPlatformManager: Display: Loaded TargetPlatform 'Android'
[2020.04.20-20.30.55:052][  0]LogTargetPlatformManager: Display: Loaded TargetPlatform 'Android_ASTC'
[2020.04.20-20.30.55:052][  0]LogTargetPlatformManager: Display: Loaded TargetPlatform 'Android_ATC'
[2020.04.20-20.30.55:052][  0]LogTargetPlatformManager: Display: Loaded TargetPlatform 'Android_DXT'
[2020.04.20-20.30.55:052][  0]LogTargetPlatformManager: Display: Loaded TargetPlatform 'Android_ETC1'
[2020.04.20-20.30.55:052][  0]LogTargetPlatformManager: Display: Loaded TargetPlatform 'Android_ETC1a'
[2020.04.20-20.30.55:052][  0]LogTargetPlatformManager: Display: Loaded TargetPlatform 'Android_ETC2'
[2020.04.20-20.30.55:052][  0]LogTargetPlatformManager: Display: Loaded TargetPlatform 'Android_PVRTC'
[2020.04.20-20.30.55:052][  0]LogTargetPlatformManager: Display: Loaded TargetPlatform 'AndroidClient'
[2020.04.20-20.30.55:052][  0]LogTargetPlatformManager: Display: Loaded TargetPlatform 'Android_ASTCClient'
[2020.04.20-20.30.55:052][  0]LogTargetPlatformManager: Display: Loaded TargetPlatform 'Android_ATCClient'
[2020.04.20-20.30.55:052][  0]LogTargetPlatformManager: Display: Loaded TargetPlatform 'Android_DXTClient'
[2020.04.20-20.30.55:052][  0]LogTargetPlatformManager: Display: Loaded TargetPlatform 'Android_ETC1Client'
[2020.04.20-20.30.55:052][  0]LogTargetPlatformManager: Display: Loaded TargetPlatform 'Android_ETC1aClient'
[2020.04.20-20.30.55:052][  0]LogTargetPlatformManager: Display: Loaded TargetPlatform 'Android_ETC2Client'
[2020.04.20-20.30.55:052][  0]LogTargetPlatformManager: Display: Loaded TargetPlatform 'Android_PVRTCClient'
[2020.04.20-20.30.55:052][  0]LogTargetPlatformManager: Display: Loaded TargetPlatform 'Android_Multi'
[2020.04.20-20.30.55:052][  0]LogTargetPlatformManager: Display: Loaded TargetPlatform 'Android_MultiClient'
[2020.04.20-20.30.55:067][  0]LogTargetPlatformManager: Display: Loaded TargetPlatform 'IOSClient'
[2020.04.20-20.30.55:067][  0]LogTargetPlatformManager: Display: Loaded TargetPlatform 'IOS'
[2020.04.20-20.30.55:073][  0]LogTargetPlatformManager: Display: Loaded TargetPlatform 'LinuxNoEditor'
[2020.04.20-20.30.55:078][  0]LogTargetPlatformManager: Display: Loaded TargetPlatform 'LinuxClient'
[2020.04.20-20.30.55:084][  0]LogTargetPlatformManager: Display: Loaded TargetPlatform 'LinuxServer'
[2020.04.20-20.30.55:089][  0]LogTargetPlatformManager: Display: Loaded TargetPlatform 'LinuxAArch64NoEditor'
[2020.04.20-20.30.55:095][  0]LogTargetPlatformManager: Display: Loaded TargetPlatform 'LinuxAArch64Client'
[2020.04.20-20.30.55:101][  0]LogTargetPlatformManager: Display: Loaded TargetPlatform 'LinuxAArch64Server'
[2020.04.20-20.30.55:121][  0]LogTargetPlatformManager: Display: Loaded TargetPlatform 'Lumin'
[2020.04.20-20.30.55:121][  0]LogTargetPlatformManager: Display: Loaded TargetPlatform 'LuminClient'
[2020.04.20-20.30.55:131][  0]LogTargetPlatformManager: Display: Loaded TargetPlatform 'TVOSClient'
[2020.04.20-20.30.55:132][  0]LogTargetPlatformManager: Display: Loaded TargetPlatform 'TVOS'
[2020.04.20-20.30.55:137][  0]LogTargetPlatformManager: Display: Loaded TargetPlatform 'WindowsNoEditor'
[2020.04.20-20.30.55:143][  0]LogTargetPlatformManager: Display: Loaded TargetPlatform 'Windows'
[2020.04.20-20.30.55:148][  0]LogTargetPlatformManager: Display: Loaded TargetPlatform 'WindowsClient'
[2020.04.20-20.30.55:154][  0]LogTargetPlatformManager: Display: Loaded TargetPlatform 'WindowsServer'
[2020.04.20-20.30.55:154][  0]LogTargetPlatformManager: Display: Building Assets For Windows
[2020.04.20-20.30.55:155][  0]LogAudioDebug: Display: Lib vorbis DLL was dynamically loaded.
[2020.04.20-20.30.55:170][  0]LogShaderCompilers: Guid format shader working directory is -30 characters bigger than the processId version (../../../../../../Users/fabio/Documents/Técnico/MDJ/Git/MageArena/MyProject/Intermediate/Shaders/WorkingDirectory/80688/).
[2020.04.20-20.30.55:171][  0]LogShaderCompilers: Cleaned the shader compiler working directory 'C:/Users/fabio/AppData/Local/Temp/UnrealShaderWorkingDir/6A003E4A4C34265C73316F8CA1C882EC/'.
[2020.04.20-20.30.55:171][  0]LogXGEController: Cannot use XGE Controller as Incredibuild is not installed on this machine.
[2020.04.20-20.30.55:171][  0]LogShaderCompilers: Cannot use XGE Shader Compiler as Incredibuild is not installed on this machine.
[2020.04.20-20.30.55:171][  0]LogShaderCompilers: Display: Using Local Shader Compiler.
[2020.04.20-20.30.55:777][  0]LogDerivedDataCache: Display: Max Cache Size: 512 MB
[2020.04.20-20.30.55:826][  0]LogDerivedDataCache: Loaded boot cache 0.05s 78MB C:/Users/fabio/AppData/Local/UnrealEngine/4.24/DerivedDataCache/Boot.ddc.
[2020.04.20-20.30.55:826][  0]LogDerivedDataCache: Display: Loaded Boot cache: C:/Users/fabio/AppData/Local/UnrealEngine/4.24/DerivedDataCache/Boot.ddc
[2020.04.20-20.30.55:826][  0]LogDerivedDataCache: FDerivedDataBackendGraph:  Pak pak cache file ../../../../../../Users/fabio/Documents/Técnico/MDJ/Git/MageArena/MyProject/DerivedDataCache/DDC.ddp not found, will not use a pak cache.
[2020.04.20-20.30.55:826][  0]LogDerivedDataCache: Unable to find inner node Pak for hierarchical cache Hierarchy.
[2020.04.20-20.30.55:826][  0]LogDerivedDataCache: FDerivedDataBackendGraph:  CompressedPak pak cache file ../../../../../../Users/fabio/Documents/Técnico/MDJ/Git/MageArena/MyProject/DerivedDataCache/Compressed.ddp not found, will not use a pak cache.
[2020.04.20-20.30.55:826][  0]LogDerivedDataCache: Unable to find inner node CompressedPak for hierarchical cache Hierarchy.
[2020.04.20-20.30.55:834][  0]LogDerivedDataCache: Display: Pak cache opened for reading ../../../Engine/DerivedDataCache/Compressed.ddp.
[2020.04.20-20.30.55:834][  0]LogDerivedDataCache: FDerivedDataBackendGraph:  EnterprisePak pak cache file ../../../Enterprise/DerivedDataCache/Compressed.ddp not found, will not use a pak cache.
[2020.04.20-20.30.55:834][  0]LogDerivedDataCache: Unable to find inner node EnterprisePak for hierarchical cache Hierarchy.
[2020.04.20-20.30.55:836][  0]LogDerivedDataCache: Using Local data cache path C:/Users/fabio/AppData/Local/UnrealEngine/Common/DerivedDataCache: Writable
[2020.04.20-20.30.55:836][  0]LogDerivedDataCache: Shared data cache path not found in *engine.ini, will not use an Shared cache.
[2020.04.20-20.30.55:836][  0]LogDerivedDataCache: Unable to find inner node Shared for hierarchical cache Hierarchy.
[2020.04.20-20.30.55:855][  0]LogMaterial: Verifying Global Shaders for PCD3D_SM5
[2020.04.20-20.30.55:857][  0]LogSlate: Using FreeType 2.10.0
[2020.04.20-20.30.55:858][  0]LogSlate: SlateFontServices - WITH_FREETYPE: 1, WITH_HARFBUZZ: 1
[2020.04.20-20.30.55:898][  0]LogAssetRegistry: FAssetRegistry took 0.0022 seconds to start up
[2020.04.20-20.30.56:140][  0]LogInit: Selected Device Profile: [Windows]
[2020.04.20-20.30.56:285][  0]LogMeshReduction: Using QuadricMeshReduction for automatic static mesh reduction
[2020.04.20-20.30.56:285][  0]LogMeshReduction: Using SimplygonMeshReduction for automatic skeletal mesh reduction
[2020.04.20-20.30.56:285][  0]LogMeshReduction: Using ProxyLODMeshReduction for automatic mesh merging
[2020.04.20-20.30.56:285][  0]LogMeshReduction: No distributed automatic mesh merging module available
[2020.04.20-20.30.56:285][  0]LogMeshMerging: No distributed automatic mesh merging module available
[2020.04.20-20.30.56:293][  0]LogNetVersion: MyProject 1.0.0, NetCL: 10570792, EngineNetVer: 13, GameNetVer: 0 (Checksum: 2318771507)
[2020.04.20-20.30.57:172][  0]LogPackageLocalizationCache: Processed 10 localized package path(s) for 1 prioritized culture(s) in 0.051534 seconds
[2020.04.20-20.30.57:178][  0]LogUObjectArray: 46750 objects as part of root set at end of initial load.
[2020.04.20-20.30.57:178][  0]LogUObjectAllocator: 8137160 out of 0 bytes used by permanent object pool.
[2020.04.20-20.30.57:178][  0]LogUObjectArray: CloseDisregardForGC: 0/0 objects in disregard for GC pool
[2020.04.20-20.30.57:526][  0]LogTcpMessaging: Initializing TcpMessaging bridge
[2020.04.20-20.30.57:529][  0]LogUdpMessaging: Initializing bridge on interface 0.0.0.0:0 to multicast group 230.0.0.1:6666.
[2020.04.20-20.30.57:567][  0]SourceControl: Source control is disabled
[2020.04.20-20.30.57:567][  0]SourceControl: Source control is disabled
[2020.04.20-20.30.57:568][  0]SourceControl: Source control is disabled
[2020.04.20-20.30.57:568][  0]SourceControl: Source control is disabled
[2020.04.20-20.30.57:569][  0]SourceControl: Source control is disabled
[2020.04.20-20.30.57:631][  0]LogAndroidPermission: UAndroidPermissionCallbackProxy::GetInstance
[2020.04.20-20.30.57:639][  0]LogAudioCaptureCore: Display: No Audio Capture implementations found. Audio input will be silent.
[2020.04.20-20.30.57:639][  0]LogAudioCaptureCore: Display: No Audio Capture implementations found. Audio input will be silent.
[2020.04.20-20.30.57:709][  0]LogOcInput: OculusInput pre-init called
[2020.04.20-20.30.57:714][  0]LogWindows: Failed to load 'OVRPlugin.dll' (GetLastError=126)
[2020.04.20-20.30.57:714][  0]LogWindows: File 'OVRPlugin.dll' does not exist
[2020.04.20-20.30.57:769][  0]LogEngine: Initializing Engine...
[2020.04.20-20.30.57:770][  0]LogHMD: Failed to initialize OpenVR with code 110
[2020.04.20-20.30.57:770][  0]LogStats: UGameplayTagsManager::InitializeManager -  0.000 s
[2020.04.20-20.30.58:066][  0]LogInit: Initializing FReadOnlyCVARCache
[2020.04.20-20.30.58:076][  0]LogAIModule: Creating AISystem for world Untitled
[2020.04.20-20.30.58:082][  0]LogAudioMixer: Display: Audio Mixer Platform Settings:
[2020.04.20-20.30.58:082][  0]LogAudioMixer: Display: 	Sample Rate:						  48000
[2020.04.20-20.30.58:082][  0]LogAudioMixer: Display: 	Callback Buffer Frame Size Requested: 1024
[2020.04.20-20.30.58:082][  0]LogAudioMixer: Display: 	Callback Buffer Frame Size To Use:	  1024
[2020.04.20-20.30.58:082][  0]LogAudioMixer: Display: 	Number of buffers to queue:			  2
[2020.04.20-20.30.58:082][  0]LogAudioMixer: Display: 	Max Channels (voices):				  32
[2020.04.20-20.30.58:082][  0]LogAudioMixer: Display: 	Number of Async Source Workers:		  0
[2020.04.20-20.30.58:082][  0]LogAudio: Display: AudioDevice MaxSources: 32
[2020.04.20-20.30.58:082][  0]LogAudio: Display: Using built-in audio occlusion.
[2020.04.20-20.30.58:082][  0]LogAudioMixer: Display: Initializing audio mixer.
[2020.04.20-20.30.58:362][  0]LogAudioMixer: Display: Audio Device Output Speaker Info:
[2020.04.20-20.30.58:362][  0]LogAudioMixer: Display: Name: Speakers (3- Realtek(R) Audio)
[2020.04.20-20.30.58:362][  0]LogAudioMixer: Display: Is Default: Yes
[2020.04.20-20.30.58:362][  0]LogAudioMixer: Display: Sample Rate: 48000
[2020.04.20-20.30.58:362][  0]LogAudioMixer: Display: Channel Count Used: 8
[2020.04.20-20.30.58:362][  0]LogAudioMixer: Display: Device Channel Count: 8
[2020.04.20-20.30.58:362][  0]LogAudioMixer: Display: Channel Order:
[2020.04.20-20.30.58:362][  0]LogAudioMixer: Display: 0: FrontLeft
[2020.04.20-20.30.58:362][  0]LogAudioMixer: Display: 1: FrontRight
[2020.04.20-20.30.58:362][  0]LogAudioMixer: Display: 2: FrontCenter
[2020.04.20-20.30.58:362][  0]LogAudioMixer: Display: 3: LowFrequency
[2020.04.20-20.30.58:362][  0]LogAudioMixer: Display: 4: BackLeft
[2020.04.20-20.30.58:362][  0]LogAudioMixer: Display: 5: BackRight
[2020.04.20-20.30.58:362][  0]LogAudioMixer: Display: 6: SideLeft
[2020.04.20-20.30.58:362][  0]LogAudioMixer: Display: 7: SideRight
[2020.04.20-20.30.58:538][  0]LogAudioMixer: Display: Using Audio Device Speakers (3- Realtek(R) Audio)
[2020.04.20-20.30.58:543][  0]LogInit: FAudioDevice initialized.
[2020.04.20-20.30.58:543][  0]LogNetVersion: Set ProjectVersion to 1.0.0.0. Version Checksum will be recalculated on next use.
[2020.04.20-20.30.58:602][  0]LogDerivedDataCache: Saved boot cache 0.06s 78MB C:/Users/fabio/AppData/Local/UnrealEngine/4.24/DerivedDataCache/Boot.ddc.
[2020.04.20-20.30.58:606][  0]LogInit: Texture streaming: Enabled
[2020.04.20-20.30.58:614][  0]LogEngineSessionManager: EngineSessionManager initialized
[2020.04.20-20.30.58:614][  0]LogEditorSessionSummary: Verbose: Initializing EditorSessionSummaryWriter for editor session tracking
[2020.04.20-20.30.58:616][  0]LogEditorSessionSummary: EditorSessionSummaryWriter initialized
[2020.04.20-20.30.58:680][  0]LogInit: Transaction tracking system initialized
[2020.04.20-20.30.58:687][  0]BlueprintLog: New page: Editor Load
[2020.04.20-20.30.58:708][  0]LocalizationService: Localization service is disabled
[2020.04.20-20.30.58:913][  0]LogFileCache: Scanning file cache for directory 'C:/Users/fabio/Documents/Técnico/MDJ/Git/MageArena/MyProject/Content/' took 0.01s
[2020.04.20-20.30.58:913][  0]LogCook: Display: Max memory allowance for cook 16384mb min free memory 0mb
[2020.04.20-20.30.58:913][  0]LogCook: Display: Mobile HDR setting 1
[2020.04.20-20.30.59:404][  0]SourceControl: Source control is disabled
[2020.04.20-20.30.59:404][  0]Cmd: MAP LOAD FILE="../../../../../../Users/fabio/Documents/Técnico/MDJ/Git/MageArena/MyProject/Content/MainMenu.umap" TEMPLATE=0 SHOWPROGRESS=1 FEATURELEVEL=3
[2020.04.20-20.30.59:405][  0]LightingResults: New page: Lighting Build
[2020.04.20-20.30.59:405][  0]LogWorld: UWorld::CleanupWorld for Untitled, bSessionEnded=true, bCleanupResources=true
[2020.04.20-20.30.59:405][  0]LogSlate: InvalidateAllWidgets triggered.  All widgets were invalidated
[2020.04.20-20.30.59:405][  0]MapCheck: New page: Map Check
[2020.04.20-20.30.59:405][  0]LightingResults: New page: Lighting Build
[2020.04.20-20.30.59:434][  0]LogUObjectHash: Compacting FUObjectHashTables data took   1.47ms
[2020.04.20-20.30.59:512][  0]LogAIModule: Creating AISystem for world MainMenu
[2020.04.20-20.30.59:516][  0]LogEditorServer: Finished looking for orphan Actors (0.000 secs)
[2020.04.20-20.30.59:545][  0]LogUObjectHash: Compacting FUObjectHashTables data took   1.83ms
[2020.04.20-20.30.59:545][  0]Cmd: MAP CHECKDEP NOCLEARLOG
[2020.04.20-20.30.59:545][  0]MapCheck: Map check complete: 0 Error(s), 0 Warning(s), took 0,163ms to complete.
[2020.04.20-20.30.59:545][  0]LogFileHelpers: Loading map 'MainMenu' took 0.140
[2020.04.20-20.30.59:658][  0]LogSlate: Updating window title bar state: overlay mode, drag disabled, window buttons hidden, title bar hidden
[2020.04.20-20.30.59:664][  0]LogSlate: Updating window title bar state: overlay mode, drag disabled, window buttons hidden, title bar hidden
[2020.04.20-20.30.59:668][  0]LogSlate: Updating window title bar state: overlay mode, drag disabled, window buttons hidden, title bar hidden
[2020.04.20-20.30.59:673][  0]LogSlate: Updating window title bar state: overlay mode, drag disabled, window buttons hidden, title bar hidden
[2020.04.20-20.30.59:677][  0]LogCollectionManager: Loaded 0 collections in 0.001187 seconds
[2020.04.20-20.30.59:686][  0]LogFileCache: Scanning file cache for directory 'C:/Users/fabio/Documents/Técnico/MDJ/Git/MageArena/MyProject/Saved/Collections/' took 0.00s
[2020.04.20-20.30.59:686][  0]LogFileCache: Scanning file cache for directory 'C:/Users/fabio/Documents/Técnico/MDJ/Git/MageArena/MyProject/Content/Developers/fabio/Collections/' took 0.00s
[2020.04.20-20.30.59:686][  0]LogFileCache: Scanning file cache for directory 'C:/Users/fabio/Documents/Técnico/MDJ/Git/MageArena/MyProject/Content/Collections/' took 0.00s
[2020.04.20-20.30.59:686][  0]LogContentBrowser: Native class hierarchy populated in 0.0064 seconds. Added 3015 classes and 717 folders.
[2020.04.20-20.30.59:687][  0]LogContentBrowser: Native class hierarchy updated for 'WidgetCarousel' in 0.0002 seconds. Added 0 classes and 0 folders.
[2020.04.20-20.30.59:721][  0]LogContentBrowser: Native class hierarchy updated for 'AddContentDialog' in 0.0002 seconds. Added 0 classes and 0 folders.
[2020.04.20-20.30.59:724][  0]LogContentBrowser: Native class hierarchy updated for 'SceneOutliner' in 0.0002 seconds. Added 2 classes and 3 folders.
[2020.04.20-20.30.59:796][  0]LogSlate: Took 0.000153 seconds to synchronously load lazily loaded font '../../../Engine/Content/Slate/Fonts/Roboto-Regular.ttf' (155K)
[2020.04.20-20.30.59:798][  0]LogSlate: Took 0.000185 seconds to synchronously load lazily loaded font '../../../Engine/Content/Slate/Fonts/Roboto-Bold.ttf' (160K)
[2020.04.20-20.30.59:801][  0]LogSlate: Took 0.000101 seconds to synchronously load lazily loaded font '../../../Engine/Content/Editor/Slate/Fonts/FontAwesome.ttf' (139K)
[2020.04.20-20.30.59:856][  0]LogRenderer: Reallocating scene render targets to support 956x388 Format 10 NumSamples 1 (Frame:1).
[2020.04.20-20.30.59:892][  0]LogSlate: Took 0.000096 seconds to synchronously load lazily loaded font '../../../Engine/Content/Slate/Fonts/Roboto-Light.ttf' (167K)
[2020.04.20-20.30.59:929][  0]LogContentBrowser: Native class hierarchy updated for 'HierarchicalLODOutliner' in 0.0003 seconds. Added 0 classes and 0 folders.
[2020.04.20-20.30.59:929][  0]LogLoad: (Engine Initialization) Total time: 6.64 seconds
[2020.04.20-20.30.59:929][  0]LogLoad: (Engine Initialization) Total Blueprint compile time: 0.00 seconds
[2020.04.20-20.31.00:003][  0]LogContentStreaming: Texture pool size now 1000 MB
[2020.04.20-20.31.00:077][  1]LogAssetRegistry: Asset discovery search completed in 4.1796 seconds
[2020.04.20-20.31.00:080][  1]LogCollectionManager: Fixed up redirectors for 0 collections in 0.000008 seconds (updated 0 objects)
[2020.04.20-20.53.23:569][219]LogSlate: Took 0.000172 seconds to synchronously load lazily loaded font '../../../Engine/Content/Slate/Fonts/Roboto-Light.ttf' (167K)
[2020.04.20-20.53.23:727][219]LogClass: Warning: Type mismatch in StunTime_17_4792BBF048BD814FB6B6708A5D8672C1 of S_SkillInfo - Previous (FloatProperty) Current(ByteProperty) for package:  ../../../../../../Users/fabio/Documents/Técnico/MDJ/Git/MageArena/MyProject/Content/Skills/BallBall.uasset
[2020.04.20-20.53.23:727][219]LogClass: Warning: Type mismatch in Area_18_B0DCEDC24A561536955CFB9ABB963638 of S_SkillInfo - Previous (FloatProperty) Current(ArrayProperty) for package:  ../../../../../../Users/fabio/Documents/Técnico/MDJ/Git/MageArena/MyProject/Content/Skills/BallBall.uasset
[2020.04.20-20.53.24:633][219]LogAIModule: Creating AISystem for world TopDownExampleMap
[2020.04.20-20.53.24:638][219]LogAssetEditorSubsystem: Opening Asset editor for World /Game/TopDownExampleMap.TopDownExampleMap
[2020.04.20-20.53.24:672][219]LogUObjectHash: Compacting FUObjectHashTables data took   2.57ms
[2020.04.20-20.53.24:674][219]Cmd: MAP LOAD FILE="../../../../../../Users/fabio/Documents/Técnico/MDJ/Git/MageArena/MyProject/Content/TopDownExampleMap.umap" TEMPLATE=0 SHOWPROGRESS=1 FEATURELEVEL=3
[2020.04.20-20.53.24:674][219]LightingResults: New page: Lighting Build
[2020.04.20-20.53.24:674][219]LoadErrors: New page: Loading map: TopDownExampleMap.umap
[2020.04.20-20.53.24:675][219]LogWorld: UWorld::CleanupWorld for MainMenu, bSessionEnded=true, bCleanupResources=true
[2020.04.20-20.53.24:675][219]LogSlate: InvalidateAllWidgets triggered.  All widgets were invalidated
[2020.04.20-20.53.24:675][219]MapCheck: New page: Map Check
[2020.04.20-20.53.24:675][219]LightingResults: New page: Lighting Build
[2020.04.20-20.53.24:704][219]LogUObjectHash: Compacting FUObjectHashTables data took   2.11ms
[2020.04.20-20.53.24:857][219]LogEditorServer: Finished looking for orphan Actors (0.000 secs)
[2020.04.20-20.53.24:902][219]LogUObjectHash: Compacting FUObjectHashTables data took   1.84ms
[2020.04.20-20.53.24:937][219]Cmd: MAP CHECKDEP NOCLEARLOG
[2020.04.20-20.53.24:937][219]MapCheck: Map check complete: 0 Error(s), 0 Warning(s), took 0,111ms to complete.
[2020.04.20-20.53.24:937][219]LogFileHelpers: Loading map 'TopDownExampleMap' took 0.263
[2020.04.20-20.54.44:222][867]LogAssetEditorSubsystem: Opening Asset editor for Blueprint /Game/TopDownBP/Blueprints/Easy.Easy
[2020.04.20-20.54.44:337][867]LogContentBrowser: Native class hierarchy updated for 'BlueprintGraph' in 0.0004 seconds. Added 121 classes and 0 folders.
[2020.04.20-20.54.45:059][867]LogSlate: Took 0.000135 seconds to synchronously load lazily loaded font '../../../Engine/Content/Slate/Fonts/Roboto-BoldCondensed.ttf' (158K)
[2020.04.20-20.54.45:120][868]LogSlate: Took 0.000113 seconds to synchronously load lazily loaded font '../../../Engine/Content/Slate/Fonts/Roboto-Italic.ttf' (157K)
[2020.04.20-20.54.49:862][149]LogRenderer: Reallocating scene render targets to support 956x536 Format 10 NumSamples 1 (Frame:1).
[2020.04.20-20.55.01:336][836]BlueprintLog: New page: Compile Easy
[2020.04.20-20.55.01:555][836]LogUObjectHash: Compacting FUObjectHashTables data took   3.37ms
[2020.04.20-20.55.01:916][856]Cmd: OBJ SAVEPACKAGE PACKAGE="/Game/TopDownBP/Blueprints/Easy" FILE="../../../../../../Users/fabio/Documents/Técnico/MDJ/Git/MageArena/MyProject/Content/TopDownBP/Blueprints/Easy.uasset" SILENT=true
[2020.04.20-20.55.01:946][856]LogSavePackage: Moving '../../../../../../Users/fabio/Documents/Técnico/MDJ/Git/MageArena/MyProject/Saved/EasyAA975A47462110C9652B67BB0E58144A.tmp' to '../../../../../../Users/fabio/Documents/Técnico/MDJ/Git/MageArena/MyProject/Content/TopDownBP/Blueprints/Easy.uasset'
[2020.04.20-20.55.01:961][856]AssetCheck: New page: Asset Save: Easy
[2020.04.20-20.55.01:961][856]LogContentValidation: Display: Validating Blueprint /Game/TopDownBP/Blueprints/Easy.Easy
[2020.04.20-20.55.55:190][ 39]LogEditorViewport: Clicking on Actor (LMB): Easy_C (Easy)
[2020.04.20-20.55.55:253][ 42]LogEditorViewport: Clicking on Component (LMB): SceneComponent (DefaultSceneRoot)
[2020.04.20-20.56.25:032][824]LogEditorViewport: Clicking on Actor (LMB): StaticMeshActor (Wall5)
[2020.04.20-20.56.36:697][520]LogEditorViewport: Clicking on Actor (LMB): InstancedFoliageActor (InstancedFoliageActor)
[2020.04.20-20.56.37:780][584]LogEditorViewport: Clicking on Actor (LMB): PostProcessVolume (PostProcessVolume)
[2020.04.20-20.56.39:646][689]LogUObjectHash: Compacting FUObjectHashTables data took   2.86ms
[2020.04.20-20.56.39:947][689]LogSavePackage: Moving '../../../../../../Users/fabio/Documents/Técnico/MDJ/Git/MageArena/MyProject/Saved/TopDownExampleMapA611161C48B92471F49F09B998625331.tmp' to '../../../../../../Users/fabio/Documents/Técnico/MDJ/Git/MageArena/MyProject/Content/TopDownExampleMap.umap'
[2020.04.20-20.56.39:993][689]AssetCheck: New page: Asset Save: TopDownExampleMap
[2020.04.20-20.56.39:994][689]LogContentValidation: Display: Validating World /Game/TopDownExampleMap.TopDownExampleMap
[2020.04.20-20.56.41:162][759]LogWorld: UWorld::CleanupWorld for World_2, bSessionEnded=true, bCleanupResources=true
[2020.04.20-20.56.41:162][759]LogSlate: InvalidateAllWidgets triggered.  All widgets were invalidated
[2020.04.20-20.56.43:342][887]LogTemp: Repeating last play command: New Editor Window (PIE)
[2020.04.20-20.56.43:360][887]LogBlueprintUserMessages: Early PlayInEditor Detection: Level '/Game/TopDownExampleMap.TopDownExampleMap:PersistentLevel' has LevelScriptBlueprint '/Game/TopDownExampleMap.TopDownExampleMap:PersistentLevel.TopDownExampleMap' with GeneratedClass '/Game/TopDownExampleMap.TopDownExampleMap_C' with ClassGeneratedBy '/Game/TopDownExampleMap.TopDownExampleMap:PersistentLevel.TopDownExampleMap'
[2020.04.20-20.56.43:360][887]LogPlayLevel: PlayLevel: No blueprints needed recompiling
[2020.04.20-20.56.43:360][887]PIE: New page: PIE session: TopDownExampleMap (20/04/2020, 22:56:43)
[2020.04.20-20.56.43:361][887]LogOnline: OSS: Creating online subsystem instance for: NULL
[2020.04.20-20.56.43:361][887]LogOnline: OSS: TryLoadSubsystemAndSetDefault: Loaded subsystem for module [NULL]
[2020.04.20-20.56.43:362][887]LogPlayLevel: Creating play world package: /Game/UEDPIE_0_TopDownExampleMap
[2020.04.20-20.56.43:411][887]LogPlayLevel: PIE: StaticDuplicateObject took: (0.048840s)
[2020.04.20-20.56.43:412][887]LogAIModule: Creating AISystem for world TopDownExampleMap
[2020.04.20-20.56.43:412][887]LogPlayLevel: PIE: World Init took: (0.001334s)
[2020.04.20-20.56.43:412][887]LogPlayLevel: PIE: Created PIE world by copying editor world from /Game/TopDownExampleMap.TopDownExampleMap to /Game/UEDPIE_0_TopDownExampleMap.TopDownExampleMap (0.050554s)
[2020.04.20-20.56.43:449][887]LogUObjectHash: Compacting FUObjectHashTables data took   3.20ms
[2020.04.20-20.56.43:451][887]LogAudioMixer: Display: Audio Mixer Platform Settings:
[2020.04.20-20.56.43:451][887]LogAudioMixer: Display: 	Sample Rate:						  48000
[2020.04.20-20.56.43:451][887]LogAudioMixer: Display: 	Callback Buffer Frame Size Requested: 1024
[2020.04.20-20.56.43:451][887]LogAudioMixer: Display: 	Callback Buffer Frame Size To Use:	  1024
[2020.04.20-20.56.43:451][887]LogAudioMixer: Display: 	Number of buffers to queue:			  2
[2020.04.20-20.56.43:451][887]LogAudioMixer: Display: 	Max Channels (voices):				  32
[2020.04.20-20.56.43:451][887]LogAudioMixer: Display: 	Number of Async Source Workers:		  0
[2020.04.20-20.56.43:451][887]LogAudio: Display: AudioDevice MaxSources: 32
[2020.04.20-20.56.43:451][887]LogAudio: Display: Using built-in audio occlusion.
[2020.04.20-20.56.43:451][887]LogAudioMixer: Display: Initializing audio mixer.
[2020.04.20-20.56.43:455][887]LogAudioMixer: Display: Audio Device Output Speaker Info:
[2020.04.20-20.56.43:455][887]LogAudioMixer: Display: Name: Speakers (3- Realtek(R) Audio)
[2020.04.20-20.56.43:455][887]LogAudioMixer: Display: Is Default: Yes
[2020.04.20-20.56.43:455][887]LogAudioMixer: Display: Sample Rate: 48000
[2020.04.20-20.56.43:455][887]LogAudioMixer: Display: Channel Count Used: 8
[2020.04.20-20.56.43:455][887]LogAudioMixer: Display: Device Channel Count: 8
[2020.04.20-20.56.43:455][887]LogAudioMixer: Display: Channel Order:
[2020.04.20-20.56.43:455][887]LogAudioMixer: Display: 0: FrontLeft
[2020.04.20-20.56.43:455][887]LogAudioMixer: Display: 1: FrontRight
[2020.04.20-20.56.43:455][887]LogAudioMixer: Display: 2: FrontCenter
[2020.04.20-20.56.43:455][887]LogAudioMixer: Display: 3: LowFrequency
[2020.04.20-20.56.43:455][887]LogAudioMixer: Display: 4: BackLeft
[2020.04.20-20.56.43:455][887]LogAudioMixer: Display: 5: BackRight
[2020.04.20-20.56.43:455][887]LogAudioMixer: Display: 6: SideLeft
[2020.04.20-20.56.43:455][887]LogAudioMixer: Display: 7: SideRight
[2020.04.20-20.56.43:482][887]LogAudioMixer: Display: Using Audio Device Speakers (3- Realtek(R) Audio)
[2020.04.20-20.56.43:484][887]LogInit: FAudioDevice initialized.
[2020.04.20-20.56.43:514][887]LogSlate: Updating window title bar state: overlay mode, drag disabled, window buttons hidden, title bar hidden
[2020.04.20-20.56.43:515][887]LogLoad: Game class is 'TopDownGameMode_C'
[2020.04.20-20.56.43:518][887]LogWorld: Bringing World /Game/UEDPIE_0_TopDownExampleMap.TopDownExampleMap up for play (max tick rate 60) at 2020.04.20-21.56.43
[2020.04.20-20.56.43:518][887]LogWorld: Bringing up level for play took: 0.002320
[2020.04.20-20.56.43:518][887]LogOnline: OSS: Creating online subsystem instance for: :Context_5
[2020.04.20-20.56.43:520][887]LogContentBrowser: Native class hierarchy updated for 'MovieSceneCapture' in 0.0003 seconds. Added 20 classes and 0 folders.
[2020.04.20-20.56.43:523][887]LogBlueprintUserMessages: [TopDownExampleMap_C_0] 2
[2020.04.20-20.56.43:523][887]LogBlueprintUserMessages: [TopDownExampleMap_C_0] 2
[2020.04.20-20.56.43:529][887]PIE: Play in editor start time for /Game/UEDPIE_0_TopDownExampleMap -0,105
[2020.04.20-20.56.43:529][887]LogBlueprintUserMessages: Late PlayInEditor Detection: Level '/Game/TopDownExampleMap.TopDownExampleMap:PersistentLevel' has LevelScriptBlueprint '/Game/TopDownExampleMap.TopDownExampleMap:PersistentLevel.TopDownExampleMap' with GeneratedClass '/Game/TopDownExampleMap.TopDownExampleMap_C' with ClassGeneratedBy '/Game/TopDownExampleMap.TopDownExampleMap:PersistentLevel.TopDownExampleMap'
[2020.04.20-20.56.43:582][888]LogRenderer: Reallocating scene render targets to support 1024x576 Format 10 NumSamples 1 (Frame:1).
[2020.04.20-20.56.45:733][  0]LogSpawn: Warning: SpawnActor failed because of collision at the spawn location [X=2262.277 Y=1320.733 Z=250.000] for [Enemies_C]
[2020.04.20-20.56.49:905][250]LogSpawn: Warning: SpawnActor failed because of collision at the spawn location [X=209.644 Y=-1144.983 Z=260.000] for [Enemies_C]
[2020.04.20-20.56.51:100][322]LogSpawn: Warning: SpawnActor failed because of collision at the spawn location [X=2262.277 Y=1320.733 Z=250.000] for [Enemies_C]
[2020.04.20-20.56.52:302][394]LogSpawn: Warning: SpawnActor failed because of collision at the spawn location [X=2262.277 Y=1320.733 Z=250.000] for [Enemies_C]
[2020.04.20-20.56.54:701][538]LogSpawn: Warning: SpawnActor failed because of collision at the spawn location [X=209.644 Y=-1144.983 Z=260.000] for [Enemies_C]
[2020.04.20-20.56.57:103][682]LogSpawn: Warning: SpawnActor failed because of collision at the spawn location [X=2262.277 Y=1320.733 Z=250.000] for [Enemies_C]
[2020.04.20-20.56.59:503][826]LogSpawn: Warning: SpawnActor failed because of collision at the spawn location [X=209.644 Y=-1144.983 Z=260.000] for [Enemies_C]
[2020.04.20-20.57.24:538][328]LogBlueprintUserMessages: [UI_Skill_Level1] true
[2020.04.20-20.57.24:600][332]LogBlueprintUserMessages: [UI_Skill_Level1] Hello
[2020.04.20-20.57.24:820][345]LogBlueprintUserMessages: [UI_Skill_L1_Level2] true
[2020.04.20-20.57.24:849][347]LogBlueprintUserMessages: [UI_Skill_L1_Level3] false
[2020.04.20-20.57.25:884][409]LogBlueprintUserMessages: [BP_FireballChar_C_0] Onaat
[2020.04.20-20.57.25:884][409]LogBlueprintUserMessages: [BP_FireballChar_C_0] Attack2
[2020.04.20-20.57.27:668][516]LogBlueprintUserMessages: [BP_FireballChar_C_0] Onaat
[2020.04.20-20.57.27:668][516]LogBlueprintUserMessages: [BP_FireballChar_C_0] Attack2
[2020.04.20-20.57.28:549][569]LogBlueprintUserMessages: [BP_FireballChar_C_0] Onaat
[2020.04.20-20.57.28:549][569]LogBlueprintUserMessages: [BP_FireballChar_C_0] Attack2
[2020.04.20-20.57.28:819][585]LogBlueprintUserMessages: [UI_Skill_L1_Level3] false
[2020.04.20-20.57.28:850][587]LogBlueprintUserMessages: [BP_FireballChar_C_0] Onaat
[2020.04.20-20.57.28:850][587]LogBlueprintUserMessages: [BP_FireballChar_C_0] Attack2
[2020.04.20-20.57.29:075][600]LogBlueprintUserMessages: [UI_Skill_L1_Level2] true
[2020.04.20-20.57.29:083][601]LogBlueprintUserMessages: [UI_Skill_L1_Level2] Hello
[2020.04.20-20.57.29:119][603]LogBlueprintUserMessages: [BP_FireballChar_C_0] Onaat
[2020.04.20-20.57.29:119][603]LogBlueprintUserMessages: [BP_FireballChar_C_0] Attack2
[2020.04.20-20.57.29:299][614]LogBlueprintUserMessages: [BP_FireballChar_C_0] Onaat
[2020.04.20-20.57.29:299][614]LogBlueprintUserMessages: [BP_FireballChar_C_0] Attack2
[2020.04.20-20.57.29:483][625]LogBlueprintUserMessages: [BP_FireballChar_C_0] Onaat
[2020.04.20-20.57.29:483][625]LogBlueprintUserMessages: [BP_FireballChar_C_0] Attack2
[2020.04.20-20.57.29:883][649]LogBlueprintUserMessages: [BP_FireballChar_C_0] Onaat
[2020.04.20-20.57.29:883][649]LogBlueprintUserMessages: [BP_FireballChar_C_0] Attack2
[2020.04.20-20.57.30:133][664]LogBlueprintUserMessages: [BP_FireballChar_C_0] Onaat
[2020.04.20-20.57.30:133][664]LogBlueprintUserMessages: [BP_FireballChar_C_0] Attack2
[2020.04.20-20.57.30:367][678]LogBlueprintUserMessages: [BP_FireballChar_C_0] Onaat
[2020.04.20-20.57.30:367][678]LogBlueprintUserMessages: [BP_FireballChar_C_0] Attack2
[2020.04.20-20.57.30:616][693]LogBlueprintUserMessages: [BP_FireballChar_C_0] Onaat
[2020.04.20-20.57.30:616][693]LogBlueprintUserMessages: [BP_FireballChar_C_0] Attack2
[2020.04.20-20.57.30:833][706]LogBlueprintUserMessages: [BP_FireballChar_C_0] Onaat
[2020.04.20-20.57.30:833][706]LogBlueprintUserMessages: [BP_FireballChar_C_0] Attack2
[2020.04.20-20.57.31:033][718]LogBlueprintUserMessages: [BP_FireballChar_C_0] Onaat
[2020.04.20-20.57.31:033][718]LogBlueprintUserMessages: [BP_FireballChar_C_0] Attack2
[2020.04.20-20.57.31:218][729]LogBlueprintUserMessages: [BP_FireballChar_C_0] Onaat
[2020.04.20-20.57.31:218][729]LogBlueprintUserMessages: [BP_FireballChar_C_0] Attack2
[2020.04.20-20.57.31:450][743]LogBlueprintUserMessages: [BP_FireballChar_C_0] Onaat
[2020.04.20-20.57.31:450][743]LogBlueprintUserMessages: [BP_FireballChar_C_0] Attack2
[2020.04.20-20.57.31:483][745]LogBlueprintUserMessages: [FireBall_C_0] 100
[2020.04.20-20.57.31:483][745]LogAnimMontage: Warning: JumpToSectionName q bEndOfSection: 0 failed for Montage Standing_1H_Magic_Attack_01_Montage
[2020.04.20-20.57.32:083][781]LogBlueprintUserMessages: [BP_FireballChar_C_0] Onaat
[2020.04.20-20.57.32:268][792]LogBlueprintUserMessages: [BP_FireballChar_C_0] Onaat
[2020.04.20-20.57.32:270][792]LogBlueprintUserMessages: [FireBall_C_0] Spell On CoolDown
[2020.04.20-20.57.32:467][804]LogBlueprintUserMessages: [BP_FireballChar_C_0] Onaat
[2020.04.20-20.57.32:467][804]LogBlueprintUserMessages: [BP_FireballChar_C_0] Attack2
[2020.04.20-20.57.32:717][819]LogBlueprintUserMessages: [BP_FireballChar_C_0] Onaat
[2020.04.20-20.57.32:717][819]LogBlueprintUserMessages: [BP_FireballChar_C_0] Attack2
[2020.04.20-20.57.33:116][843]LogBlueprintUserMessages: [BP_FireballChar_C_0] Onaat
[2020.04.20-20.57.33:116][843]LogBlueprintUserMessages: [BP_FireballChar_C_0] Attack2
[2020.04.20-20.57.33:133][844]LogBlueprintUserMessages: [UI_Skill_L1_Level3] true
[2020.04.20-20.57.33:183][847]LogBlueprintUserMessages: [UI_Skill_L1_Level3] Hello
[2020.04.20-20.57.33:350][857]LogBlueprintUserMessages: [BP_FireballChar_C_0] Onaat
[2020.04.20-20.57.33:350][857]LogBlueprintUserMessages: [BP_FireballChar_C_0] Attack2
[2020.04.20-20.57.33:584][871]LogBlueprintUserMessages: [FireBall_C_0] 100
[2020.04.20-20.57.33:584][871]LogAnimMontage: Warning: JumpToSectionName q bEndOfSection: 0 failed for Montage Standing_1H_Magic_Attack_01_Montage
[2020.04.20-20.57.33:617][873]LogBlueprintUserMessages: [BP_FireballChar_C_0] Onaat
[2020.04.20-20.57.33:666][876]LogBlueprintUserMessages: [UI_Skill_L1_Level3] true
[2020.04.20-20.57.33:799][884]LogBlueprintUserMessages: [UI_Skill_L1_Level3] Hello
[2020.04.20-20.57.33:884][889]LogBlueprintUserMessages: [BP_FireballChar_C_0] Onaat
[2020.04.20-20.57.34:000][896]LogBlueprintUserMessages: [UI_Skill_L1_Level3] Hello
[2020.04.20-20.57.34:099][902]LogBlueprintUserMessages: [BP_FireballChar_C_0] Onaat
[2020.04.20-20.57.34:249][911]LogBlueprintUserMessages: [UI_Skill_L1_Level3] Hello
[2020.04.20-20.57.34:369][918]LogBlueprintUserMessages: [FireBall_C_0] Spell On CoolDown
[2020.04.20-20.57.34:384][919]LogBlueprintUserMessages: [BP_FireballChar_C_0] Onaat
[2020.04.20-20.57.34:384][919]LogBlueprintUserMessages: [BP_FireballChar_C_0] Attack2
[2020.04.20-20.57.34:466][924]LogBlueprintUserMessages: [UI_Skill_L1_Level3] Hello
[2020.04.20-20.57.34:650][935]LogBlueprintUserMessages: [UI_Skill_L1_Level3] Hello
[2020.04.20-20.57.34:783][943]LogBlueprintUserMessages: [BP_FireballChar_C_0] Onaat
[2020.04.20-20.57.34:783][943]LogBlueprintUserMessages: [BP_FireballChar_C_0] Attack2
[2020.04.20-20.57.34:833][946]LogBlueprintUserMessages: [UI_Skill_L1_Level3] Hello
[2020.04.20-20.57.34:966][954]LogBlueprintUserMessages: [BP_FireballChar_C_0] Onaat
[2020.04.20-20.57.34:966][954]LogBlueprintUserMessages: [BP_FireballChar_C_0] Attack2
[2020.04.20-20.57.35:015][957]LogBlueprintUserMessages: [UI_Skill_L1_Level3] Hello
[2020.04.20-20.57.35:983][ 15]LogBlueprintUserMessages: [BP_FireballChar_C_0] Onaat
[2020.04.20-20.57.35:984][ 15]LogBlueprintUserMessages: [BP_FireballChar_C_0] Attack2
[2020.04.20-20.57.36:316][ 35]LogBlueprintUserMessages: [FireBall_C_0] 100
[2020.04.20-20.57.36:316][ 35]LogAnimMontage: Warning: JumpToSectionName q bEndOfSection: 0 failed for Montage Standing_1H_Magic_Attack_01_Montage
[2020.04.20-20.57.36:983][ 75]LogBlueprintUserMessages: [BP_FireballChar_C_0] Onaat
[2020.04.20-20.57.37:103][ 82]LogBlueprintUserMessages: [FireBall_C_0] Spell On CoolDown
[2020.04.20-20.57.37:266][ 92]LogBlueprintUserMessages: [BP_FireballChar_C_0] Onaat
[2020.04.20-20.57.37:266][ 92]LogBlueprintUserMessages: [BP_FireballChar_C_0] Attack2
[2020.04.20-20.57.37:533][108]LogBlueprintUserMessages: [BP_FireballChar_C_0] Onaat
[2020.04.20-20.57.37:534][108]LogBlueprintUserMessages: [BP_FireballChar_C_0] Attack2
[2020.04.20-20.57.37:933][132]LogBlueprintUserMessages: [BP_FireballChar_C_0] Onaat
[2020.04.20-20.57.37:933][132]LogBlueprintUserMessages: [BP_FireballChar_C_0] Attack2
[2020.04.20-20.57.38:266][152]LogBlueprintUserMessages: [BP_FireballChar_C_0] Onaat
[2020.04.20-20.57.38:267][152]LogBlueprintUserMessages: [BP_FireballChar_C_0] Attack2
[2020.04.20-20.57.38:684][177]LogBlueprintUserMessages: [FireBall_C_0] 100
[2020.04.20-20.57.38:685][177]LogAnimMontage: Warning: JumpToSectionName q bEndOfSection: 0 failed for Montage Standing_1H_Magic_Attack_01_Montage
[2020.04.20-20.57.39:468][224]LogBlueprintUserMessages: [FireBall_C_0] Spell On CoolDown
[2020.04.20-20.57.39:600][232]LogBlueprintUserMessages: [BP_FireballChar_C_0] Onaat
[2020.04.20-20.57.39:601][232]LogBlueprintUserMessages: [BP_FireballChar_C_0] Attack2
[2020.04.20-20.57.40:251][271]LogBlueprintUserMessages: [FireBall_C_0] 100
[2020.04.20-20.57.40:251][271]LogAnimMontage: Warning: JumpToSectionName q bEndOfSection: 0 failed for Montage Standing_1H_Magic_Attack_01_Montage
[2020.04.20-20.57.41:036][318]LogBlueprintUserMessages: [FireBall_C_0] Spell On CoolDown
[2020.04.20-20.57.45:951][609]LogBlueprintUserMessages: [BP_FireballChar_C_0] Onaat
[2020.04.20-20.57.45:951][609]LogBlueprintUserMessages: [BP_FireballChar_C_0] Attack2
[2020.04.20-20.57.46:333][632]LogBlueprintUserMessages: [FireBall_C_0] 100
[2020.04.20-20.57.46:333][632]LogAnimMontage: Warning: JumpToSectionName q bEndOfSection: 0 failed for Montage Standing_1H_Magic_Attack_01_Montage
[2020.04.20-20.57.47:117][679]LogBlueprintUserMessages: [FireBall_C_0] Spell On CoolDown
[2020.04.20-20.57.47:233][686]LogBlueprintUserMessages: [BP_FireballChar_C_0] Onaat
[2020.04.20-20.57.47:233][686]LogBlueprintUserMessages: [BP_FireballChar_C_0] Attack2
[2020.04.20-20.57.47:616][709]LogBlueprintUserMessages: [FireBall_C_0] 100
[2020.04.20-20.57.47:617][709]LogAnimMontage: Warning: JumpToSectionName q bEndOfSection: 0 failed for Montage Standing_1H_Magic_Attack_01_Montage
[2020.04.20-20.57.48:267][748]LogBlueprintUserMessages: [BP_FireballChar_C_0] Onaat
[2020.04.20-20.57.48:404][756]LogBlueprintUserMessages: [FireBall_C_0] Spell On CoolDown
[2020.04.20-20.57.49:866][844]LogBlueprintUserMessages: [BP_FireballChar_C_0] Onaat
[2020.04.20-20.57.49:866][844]LogBlueprintUserMessages: [BP_FireballChar_C_0] Attack2
[2020.04.20-20.57.50:151][861]LogBlueprintUserMessages: [FireBall_C_0] 100
[2020.04.20-20.57.50:152][861]LogAnimMontage: Warning: JumpToSectionName q bEndOfSection: 0 failed for Montage Standing_1H_Magic_Attack_01_Montage
[2020.04.20-20.57.50:934][908]LogBlueprintUserMessages: [FireBall_C_0] Spell On CoolDown
[2020.04.20-20.57.51:501][942]LogBlueprintUserMessages: [BP_FireballChar_C_0] Onaat
[2020.04.20-20.57.51:501][942]LogBlueprintUserMessages: [BP_FireballChar_C_0] Attack2
[2020.04.20-20.57.52:150][981]LogBlueprintUserMessages: [FireBall_C_0] 100
[2020.04.20-20.57.52:150][981]LogAnimMontage: Warning: JumpToSectionName q bEndOfSection: 0 failed for Montage Standing_1H_Magic_Attack_01_Montage
[2020.04.20-20.57.52:934][ 28]LogBlueprintUserMessages: [FireBall_C_0] Spell On CoolDown
[2020.04.20-20.57.54:617][129]LogBlueprintUserMessages: [BP_FireballChar_C_0] Onaat
[2020.04.20-20.57.54:617][129]LogBlueprintUserMessages: [BP_FireballChar_C_0] Attack2
[2020.04.20-20.57.55:118][159]LogBlueprintUserMessages: [FireBall_C_0] 100
[2020.04.20-20.57.55:118][159]LogAnimMontage: Warning: JumpToSectionName q bEndOfSection: 0 failed for Montage Standing_1H_Magic_Attack_01_Montage
[2020.04.20-20.57.55:901][206]LogBlueprintUserMessages: [FireBall_C_0] Spell On CoolDown
[2020.04.20-20.57.56:438][238]LogBlueprintUserMessages: [UI_Skill_L2_Level3] false
[2020.04.20-20.57.56:633][250]LogBlueprintUserMessages: [UI_Skill_L2_Level2] true
[2020.04.20-20.57.56:766][258]LogBlueprintUserMessages: [BP_FireballChar_C_0] Onaat
[2020.04.20-20.57.56:767][258]LogBlueprintUserMessages: [BP_FireballChar_C_0] Attack2
[2020.04.20-20.57.56:949][269]LogBlueprintUserMessages: [BP_FireballChar_C_0] Onaat
[2020.04.20-20.57.56:949][269]LogBlueprintUserMessages: [BP_FireballChar_C_0] Attack2
[2020.04.20-20.57.57:033][274]LogBlueprintUserMessages: [UI_Skill_L2_Level2] Hello
[2020.04.20-20.57.57:216][285]LogBlueprintUserMessages: [UI_Skill_L2_Level2] Hello
[2020.04.20-20.57.57:383][295]LogBlueprintUserMessages: [UI_Skill_L2_Level2] Hello
[2020.04.20-20.57.57:483][301]LogBlueprintUserMessages: [UI_Skill_L2_Level3] false
[2020.04.20-20.57.57:617][309]LogBlueprintUserMessages: [BP_FireballChar_C_0] Onaat
[2020.04.20-20.57.57:617][309]LogBlueprintUserMessages: [BP_FireballChar_C_0] Attack2
[2020.04.20-20.57.57:917][327]LogBlueprintUserMessages: [FireBall_C_0] 100
[2020.04.20-20.57.57:917][327]LogAnimMontage: Warning: JumpToSectionName q bEndOfSection: 0 failed for Montage Standing_1H_Magic_Attack_01_Montage
[2020.04.20-20.57.58:702][374]LogBlueprintUserMessages: [FireBall_C_0] Spell On CoolDown
[2020.04.20-20.57.59:451][419]LogBlueprintUserMessages: [BP_FireballChar_C_0] Onaat
[2020.04.20-20.57.59:451][419]LogBlueprintUserMessages: [BP_FireballChar_C_0] Attack2
[2020.04.20-20.57.59:784][439]LogBlueprintUserMessages: [FireBall_C_0] 100
[2020.04.20-20.57.59:784][439]LogAnimMontage: Warning: JumpToSectionName q bEndOfSection: 0 failed for Montage Standing_1H_Magic_Attack_01_Montage
[2020.04.20-20.58.00:468][480]LogBlueprintUserMessages: [BP_FireballChar_C_0] Onaat
[2020.04.20-20.58.00:570][486]LogBlueprintUserMessages: [FireBall_C_0] Spell On CoolDown
[2020.04.20-20.58.01:487][541]LogBlueprintUserMessages: [UI_Skill_L1_Level3] true
[2020.04.20-20.58.01:871][564]LogBlueprintUserMessages: [BP_FireballChar_C_0] Onaat
[2020.04.20-20.58.01:871][564]LogBlueprintUserMessages: [BP_FireballChar_C_0] Attack2
[2020.04.20-20.58.02:038][574]LogBlueprintUserMessages: [FireBall_C_0] 100
[2020.04.20-20.58.02:038][574]LogAnimMontage: Warning: JumpToSectionName q bEndOfSection: 0 failed for Montage Standing_1H_Magic_Attack_01_Montage
[2020.04.20-20.58.02:409][596]LogBlueprintUserMessages: [UI_Skill_L1_Level3] true
[2020.04.20-20.58.02:703][614]LogBlueprintUserMessages: [UI_Skill_L2_Level3] false
[2020.04.20-20.58.02:789][619]LogBlueprintUserMessages: [BP_FireballChar_C_0] Onaat
[2020.04.20-20.58.02:821][621]LogBlueprintUserMessages: [FireBall_C_0] Spell On CoolDown
[2020.04.20-20.58.03:705][674]LogBlueprintUserMessages: [BP_FireballChar_C_0] Onaat
[2020.04.20-20.58.03:705][674]LogBlueprintUserMessages: [BP_FireballChar_C_0] Attack2
[2020.04.20-20.58.04:037][694]LogBlueprintUserMessages: [FireBall_C_0] 100
[2020.04.20-20.58.04:037][694]LogAnimMontage: Warning: JumpToSectionName q bEndOfSection: 0 failed for Montage Standing_1H_Magic_Attack_01_Montage
[2020.04.20-20.58.04:570][726]LogBlueprintUserMessages: [BP_FireballChar_C_0] 0.9
[2020.04.20-20.58.04:636][730]LogBlueprintUserMessages: [BP_FireballChar_C_0] Onaat
[2020.04.20-20.58.04:823][741]LogBlueprintUserMessages: [FireBall_C_0] Spell On CoolDown
[2020.04.20-20.58.05:603][788]LogBlueprintUserMessages: [UI_Skill_L1_Level3] true
[2020.04.20-20.58.06:070][816]LogBlueprintUserMessages: [UI_Skill_L1_Level2] true
[2020.04.20-20.58.06:536][844]LogBlueprintUserMessages: [BP_FireballChar_C_0] Onaat
[2020.04.20-20.58.06:536][844]LogBlueprintUserMessages: [BP_FireballChar_C_0] Attack2
[2020.04.20-20.58.06:770][858]LogBlueprintUserMessages: [FireBall_C_0] 100
[2020.04.20-20.58.06:770][858]LogAnimMontage: Warning: JumpToSectionName q bEndOfSection: 0 failed for Montage Standing_1H_Magic_Attack_01_Montage
[2020.04.20-20.58.07:554][905]LogBlueprintUserMessages: [FireBall_C_0] Spell On CoolDown
[2020.04.20-20.58.07:620][909]LogBlueprintUserMessages: [UI_Skill_L1_Level2] true
[2020.04.20-20.58.07:653][911]LogBlueprintUserMessages: [UI_Skill_L1_Level3] true
[2020.04.20-20.58.07:970][930]LogBlueprintUserMessages: [UI_Skill_L1_Level3] true
[2020.04.20-20.58.08:120][939]LogBlueprintUserMessages: [UI_Skill_L1_Level2] true
[2020.04.20-20.58.08:120][939]LogBlueprintUserMessages: [BP_FireballChar_C_0] Onaat
[2020.04.20-20.58.08:120][939]LogBlueprintUserMessages: [BP_FireballChar_C_0] Attack2
[2020.04.20-20.58.09:304][ 10]LogBlueprintUserMessages: [UI_Skill_L1_Level3] true
[2020.04.20-20.58.10:938][108]LogBlueprintUserMessages: [BP_FireballChar_C_0] Onaat
[2020.04.20-20.58.10:939][108]LogBlueprintUserMessages: [BP_FireballChar_C_0] Attack2
[2020.04.20-20.58.11:488][141]LogBlueprintUserMessages: [FireBall_C_0] 100
[2020.04.20-20.58.11:489][141]LogAnimMontage: Warning: JumpToSectionName q bEndOfSection: 0 failed for Montage Standing_1H_Magic_Attack_01_Montage
[2020.04.20-20.58.12:273][188]LogBlueprintUserMessages: [FireBall_C_0] Spell On CoolDown
[2020.04.20-20.58.12:471][200]LogBlueprintUserMessages: [BP_FireballChar_C_0] Onaat
[2020.04.20-20.58.12:471][200]LogBlueprintUserMessages: [BP_FireballChar_C_0] Attack2
[2020.04.20-20.58.12:804][220]LogBlueprintUserMessages: [FireBall_C_0] 100
[2020.04.20-20.58.12:805][220]LogAnimMontage: Warning: JumpToSectionName q bEndOfSection: 0 failed for Montage Standing_1H_Magic_Attack_01_Montage
[2020.04.20-20.58.13:588][267]LogBlueprintUserMessages: [FireBall_C_0] Spell On CoolDown
[2020.04.20-20.58.15:171][362]LogBlueprintUserMessages: [BP_FireballChar_C_0] Onaat
[2020.04.20-20.58.15:171][362]LogBlueprintUserMessages: [BP_FireballChar_C_0] Attack2
[2020.04.20-20.58.15:554][385]LogBlueprintUserMessages: [FireBall_C_0] 100
[2020.04.20-20.58.15:554][385]LogAnimMontage: Warning: JumpToSectionName q bEndOfSection: 0 failed for Montage Standing_1H_Magic_Attack_01_Montage
[2020.04.20-20.58.16:338][432]LogBlueprintUserMessages: [FireBall_C_0] Spell On CoolDown
[2020.04.20-20.58.17:187][483]LogBlueprintUserMessages: [BP_FireballChar_C_0] Onaat
[2020.04.20-20.58.17:187][483]LogBlueprintUserMessages: [BP_FireballChar_C_0] Attack2
[2020.04.20-20.58.17:471][500]LogBlueprintUserMessages: [FireBall_C_0] 100
[2020.04.20-20.58.17:472][500]LogAnimMontage: Warning: JumpToSectionName q bEndOfSection: 0 failed for Montage Standing_1H_Magic_Attack_01_Montage
[2020.04.20-20.58.18:254][547]LogBlueprintUserMessages: [FireBall_C_0] Spell On CoolDown
[2020.04.20-20.58.18:338][552]LogBlueprintUserMessages: [BP_FireballChar_C_0] Onaat
[2020.04.20-20.58.18:338][552]LogBlueprintUserMessages: [BP_FireballChar_C_0] Attack2
[2020.04.20-20.58.18:604][568]LogBlueprintUserMessages: [FireBall_C_0] 100
[2020.04.20-20.58.18:604][568]LogAnimMontage: Warning: JumpToSectionName q bEndOfSection: 0 failed for Montage Standing_1H_Magic_Attack_01_Montage
[2020.04.20-20.58.19:320][611]LogBlueprintUserMessages: [BP_FireballChar_C_0] Onaat
[2020.04.20-20.58.19:388][615]LogBlueprintUserMessages: [FireBall_C_0] Spell On CoolDown
[2020.04.20-20.58.20:255][667]LogBlueprintUserMessages: [BP_FireballChar_C_0] Onaat
[2020.04.20-20.58.20:255][667]LogBlueprintUserMessages: [BP_FireballChar_C_0] Attack2
[2020.04.20-20.58.20:555][685]LogBlueprintUserMessages: [FireBall_C_0] 100
[2020.04.20-20.58.20:555][685]LogAnimMontage: Warning: JumpToSectionName q bEndOfSection: 0 failed for Montage Standing_1H_Magic_Attack_01_Montage
[2020.04.20-20.58.21:238][726]LogBlueprintUserMessages: [BP_FireballChar_C_0] Onaat
[2020.04.20-20.58.21:339][732]LogBlueprintUserMessages: [FireBall_C_0] Spell On CoolDown
[2020.04.20-20.58.22:387][795]LogBlueprintUserMessages: [BP_FireballChar_C_0] Onaat
[2020.04.20-20.58.22:387][795]LogBlueprintUserMessages: [BP_FireballChar_C_0] Attack2
[2020.04.20-20.58.22:655][811]LogBlueprintUserMessages: [FireBall_C_0] 100
[2020.04.20-20.58.22:655][811]LogAnimMontage: Warning: JumpToSectionName q bEndOfSection: 0 failed for Montage Standing_1H_Magic_Attack_01_Montage
[2020.04.20-20.58.23:171][842]LogBlueprintUserMessages: [BP_FireballChar_C_0] 0.9
[2020.04.20-20.58.23:354][853]LogBlueprintUserMessages: [BP_FireballChar_C_0] Onaat
[2020.04.20-20.58.23:437][858]LogBlueprintUserMessages: [FireBall_C_0] Spell On CoolDown
[2020.04.20-20.58.23:821][881]LogBlueprintUserMessages: [BP_FireballChar_C_0] 0.81
[2020.04.20-20.58.24:104][898]LogBlueprintUserMessages: [BP_FireballChar_C_0] Onaat
[2020.04.20-20.58.24:104][898]LogBlueprintUserMessages: [BP_FireballChar_C_0] Attack2
[2020.04.20-20.58.24:287][909]LogBlueprintUserMessages: [FireBall_C_0] 100
[2020.04.20-20.58.24:287][909]LogAnimMontage: Warning: JumpToSectionName q bEndOfSection: 0 failed for Montage Standing_1H_Magic_Attack_01_Montage
[2020.04.20-20.58.25:070][956]LogBlueprintUserMessages: [FireBall_C_0] Spell On CoolDown
[2020.04.20-20.58.25:103][958]LogBlueprintUserMessages: [BP_FireballChar_C_0] Onaat
[2020.04.20-20.58.25:103][958]LogBlueprintUserMessages: [BP_FireballChar_C_0] Attack2
[2020.04.20-20.58.25:172][962]LogBlueprintUserMessages: [BP_FireballChar_C_0] 0.72
[2020.04.20-20.58.25:321][971]LogBlueprintUserMessages: [FireBall_C_0] 100
[2020.04.20-20.58.25:321][971]LogAnimMontage: Warning: JumpToSectionName q bEndOfSection: 0 failed for Montage Standing_1H_Magic_Attack_01_Montage
[2020.04.20-20.58.25:371][974]LogBlueprintUserMessages: [BP_FireballChar_C_0] Onaat
[2020.04.20-20.58.25:454][979]LogBlueprintUserMessages: [BP_FireballChar_C_0] 0.63
[2020.04.20-20.58.26:071][ 16]LogBlueprintUserMessages: [BP_FireballChar_C_0] Onaat
[2020.04.20-20.58.26:104][ 18]LogBlueprintUserMessages: [FireBall_C_0] Spell On CoolDown
[2020.04.20-20.58.26:804][ 60]LogBlueprintUserMessages: [BP_FireballChar_C_0] 0.54
[2020.04.20-20.58.26:921][ 67]LogBlueprintUserMessages: [BP_FireballChar_C_0] Onaat
[2020.04.20-20.58.26:921][ 67]LogBlueprintUserMessages: [BP_FireballChar_C_0] Attack2
[2020.04.20-20.58.26:971][ 70]LogBlueprintUserMessages: [FireBall_C_0] 100
[2020.04.20-20.58.26:971][ 70]LogAnimMontage: Warning: JumpToSectionName q bEndOfSection: 0 failed for Montage Standing_1H_Magic_Attack_01_Montage
[2020.04.20-20.58.27:622][109]LogBlueprintUserMessages: [BP_FireballChar_C_0] 0.45
[2020.04.20-20.58.27:756][117]LogBlueprintUserMessages: [FireBall_C_0] Spell On CoolDown
[2020.04.20-20.58.27:855][123]LogBlueprintUserMessages: [BP_FireballChar_C_0] Onaat
[2020.04.20-20.58.27:855][123]LogBlueprintUserMessages: [BP_FireballChar_C_0] Attack2
[2020.04.20-20.58.28:103][138]LogBlueprintUserMessages: [FireBall_C_0] 100
[2020.04.20-20.58.28:103][138]LogAnimMontage: Warning: JumpToSectionName q bEndOfSection: 0 failed for Montage Standing_1H_Magic_Attack_01_Montage
[2020.04.20-20.58.28:771][178]LogBlueprintUserMessages: [BP_FireballChar_C_0] Onaat
[2020.04.20-20.58.28:890][185]LogBlueprintUserMessages: [FireBall_C_0] Spell On CoolDown
[2020.04.20-20.58.28:974][190]LogBlueprintUserMessages: [BP_FireballChar_C_0] 0.36
[2020.04.20-20.58.29:622][229]LogBlueprintUserMessages: [BP_FireballChar_C_0] Onaat
[2020.04.20-20.58.29:622][229]LogBlueprintUserMessages: [BP_FireballChar_C_0] Attack2
[2020.04.20-20.58.29:622][229]LogBlueprintUserMessages: [BP_FireballChar_C_0] 0.27
[2020.04.20-20.58.30:521][283]LogBlueprintUserMessages: [BP_FireballChar_C_0] Onaat
[2020.04.20-20.58.30:521][283]LogBlueprintUserMessages: [BP_FireballChar_C_0] Attack2
[2020.04.20-20.58.30:590][287]LogBlueprintUserMessages: [FireBall_C_0] 100
[2020.04.20-20.58.30:590][287]LogAnimMontage: Warning: JumpToSectionName q bEndOfSection: 0 failed for Montage Standing_1H_Magic_Attack_01_Montage
[2020.04.20-20.58.30:974][310]LogBlueprintUserMessages: [BP_FireballChar_C_0] 0.18
[2020.04.20-20.58.31:257][327]LogBlueprintUserMessages: [BP_FireballChar_C_0] 0.09
[2020.04.20-20.58.31:372][334]LogBlueprintUserMessages: [FireBall_C_0] Spell On CoolDown
[2020.04.20-20.58.32:255][387]LogAudioMixer: Display: No commands were queued while flushing the source manager.
[2020.04.20-20.58.32:255][387]LogAudioMixer: Display: No commands were queued while flushing the source manager.
[2020.04.20-20.58.32:255][387]LogBlueprintUserMessages: Early EndPlayMap Detection: Level '/Game/TopDownExampleMap.TopDownExampleMap:PersistentLevel' has LevelScriptBlueprint '/Game/TopDownExampleMap.TopDownExampleMap:PersistentLevel.TopDownExampleMap' with GeneratedClass '/Game/TopDownExampleMap.TopDownExampleMap_C' with ClassGeneratedBy '/Game/TopDownExampleMap.TopDownExampleMap:PersistentLevel.TopDownExampleMap'
[2020.04.20-20.58.32:256][387]LogSlate: Updating window title bar state: overlay mode, drag disabled, window buttons hidden, title bar hidden
[2020.04.20-20.58.32:256][387]LogWorld: BeginTearingDown for /Game/UEDPIE_0_TopDownExampleMap
[2020.04.20-20.58.32:274][387]LogSlate: Window 'MyProject Game Preview Standalone (64-bit/PCD3D_SM5)' being destroyed
[2020.04.20-20.58.32:278][387]LogAudioMixer: Display: No commands were queued while flushing the source manager.
[2020.04.20-20.58.32:279][387]LogWorld: UWorld::CleanupWorld for TopDownExampleMap, bSessionEnded=true, bCleanupResources=true
[2020.04.20-20.58.32:281][387]LogSlate: InvalidateAllWidgets triggered.  All widgets were invalidated
[2020.04.20-20.58.32:286][387]LogPlayLevel: Display: Shutting down PIE online subsystems
[2020.04.20-20.58.32:286][387]LogBlueprintUserMessages: Late EndPlayMap Detection: Level '/Game/TopDownExampleMap.TopDownExampleMap:PersistentLevel' has LevelScriptBlueprint '/Game/TopDownExampleMap.TopDownExampleMap:PersistentLevel.TopDownExampleMap' with GeneratedClass '/Game/TopDownExampleMap.TopDownExampleMap_C' with ClassGeneratedBy '/Game/TopDownExampleMap.TopDownExampleMap:PersistentLevel.TopDownExampleMap'
[2020.04.20-20.58.32:291][387]LogSlate: InvalidateAllWidgets triggered.  All widgets were invalidated
[2020.04.20-20.58.32:334][387]LogAudioMixer: Display: No commands were queued while flushing the source manager.
[2020.04.20-20.58.32:390][387]LogUObjectHash: Compacting FUObjectHashTables data took   6.51ms
[2020.04.20-20.58.32:408][388]LogPlayLevel: Display: Destroying online subsystem :Context_5
[2020.04.20-20.58.37:268][675]LogUObjectHash: Compacting FUObjectHashTables data took   0.78ms
[2020.04.20-20.58.37:561][675]LogSavePackage: Moving '../../../../../../Users/fabio/Documents/Técnico/MDJ/Git/MageArena/MyProject/Saved/TopDownExampleMapEC996B2A463218BEBEB01883B03B6BC3.tmp' to '../../../../../../Users/fabio/Documents/Técnico/MDJ/Git/MageArena/MyProject/Content/TopDownExampleMap.umap'
[2020.04.20-20.58.37:606][675]AssetCheck: New page: Asset Save: TopDownExampleMap
[2020.04.20-20.58.37:606][675]LogContentValidation: Display: Validating World /Game/TopDownExampleMap.TopDownExampleMap
